{"/home/travis/build/npmtest/node-npmtest-ddp/test.js":{"path":"/home/travis/build/npmtest/node-npmtest-ddp/test.js","s":{"1":2,"2":2,"3":2,"4":2,"5":2,"6":2,"7":2,"8":1,"9":2,"10":2,"11":1,"12":1,"13":1,"14":1,"15":2,"16":2,"17":2,"18":2,"19":1,"20":1,"21":2,"22":2,"23":2,"24":1,"25":1,"26":1,"27":1,"28":1,"29":1,"30":1,"31":1,"32":1,"33":1,"34":1,"35":1,"36":1,"37":1,"38":1,"39":2,"40":2,"41":1,"42":2,"43":2,"44":1,"45":2,"46":2,"47":1,"48":2,"49":2,"50":1,"51":1,"52":1,"53":1,"54":1},"b":{"1":[2,1,1,1],"2":[1,1,1,1],"3":[1,1],"4":[1,1],"5":[1,1],"6":[1,1],"7":[1,1],"8":[1,1],"9":[1,1],"10":[1,1,1],"11":[1,1],"12":[1,1],"13":[1,1],"14":[1,1],"15":[1,1],"16":[1,1],"17":[1,1]},"f":{"1":2,"2":2,"3":2,"4":2,"5":2,"6":1,"7":1,"8":1,"9":2,"10":2,"11":2,"12":2,"13":1},"fnMap":{"1":{"name":"(anonymous_1)","line":12,"loc":{"start":{"line":12,"column":1},"end":{"line":12,"column":13}}},"2":{"name":"(anonymous_2)","line":19,"loc":{"start":{"line":19,"column":5},"end":{"line":19,"column":17}}},"3":{"name":"(anonymous_3)","line":23,"loc":{"start":{"line":23,"column":24},"end":{"line":23,"column":36}}},"4":{"name":"(anonymous_4)","line":61,"loc":{"start":{"line":61,"column":5},"end":{"line":61,"column":17}}},"5":{"name":"(anonymous_5)","line":82,"loc":{"start":{"line":82,"column":5},"end":{"line":82,"column":17}}},"6":{"name":"(anonymous_6)","line":91,"loc":{"start":{"line":91,"column":77},"end":{"line":94,"column":10}}},"7":{"name":"(anonymous_7)","line":112,"loc":{"start":{"line":112,"column":83},"end":{"line":115,"column":10}},"skip":true},"8":{"name":"(anonymous_8)","line":123,"loc":{"start":{"line":123,"column":77},"end":{"line":126,"column":10}},"skip":true},"9":{"name":"(anonymous_9)","line":139,"loc":{"start":{"line":139,"column":12},"end":{"line":139,"column":40}},"skip":true},"10":{"name":"(anonymous_10)","line":147,"loc":{"start":{"line":147,"column":77},"end":{"line":150,"column":10}},"skip":true},"11":{"name":"(anonymous_11)","line":158,"loc":{"start":{"line":158,"column":83},"end":{"line":161,"column":10}},"skip":true},"12":{"name":"(anonymous_12)","line":169,"loc":{"start":{"line":169,"column":79},"end":{"line":172,"column":10}},"skip":true},"13":{"name":"(anonymous_13)","line":180,"loc":{"start":{"line":180,"column":75},"end":{"line":183,"column":10}},"skip":true}},"statementMap":{"1":{"start":{"line":12,"column":0},"end":{"line":195,"column":5}},"2":{"start":{"line":14,"column":4},"end":{"line":14,"column":14}},"3":{"start":{"line":19,"column":4},"end":{"line":56,"column":9}},"4":{"start":{"line":21,"column":8},"end":{"line":21,"column":19}},"5":{"start":{"line":23,"column":8},"end":{"line":35,"column":13}},"6":{"start":{"line":24,"column":12},"end":{"line":34,"column":13}},"7":{"start":{"line":25,"column":16},"end":{"line":28,"column":30}},"8":{"start":{"line":30,"column":16},"end":{"line":33,"column":27}},"9":{"start":{"line":37,"column":8},"end":{"line":39,"column":21}},"10":{"start":{"line":40,"column":8},"end":{"line":53,"column":9}},"11":{"start":{"line":43,"column":12},"end":{"line":46,"column":14}},"12":{"start":{"line":47,"column":12},"end":{"line":47,"column":18}},"13":{"start":{"line":50,"column":12},"end":{"line":51,"column":46}},"14":{"start":{"line":52,"column":12},"end":{"line":52,"column":18}},"15":{"start":{"line":55,"column":8},"end":{"line":55,"column":35}},"16":{"start":{"line":61,"column":4},"end":{"line":63,"column":9}},"17":{"start":{"line":62,"column":8},"end":{"line":62,"column":15}},"18":{"start":{"line":64,"column":4},"end":{"line":77,"column":5}},"19":{"start":{"line":70,"column":8},"end":{"line":70,"column":14}},"20":{"start":{"line":76,"column":8},"end":{"line":76,"column":14}},"21":{"start":{"line":82,"column":4},"end":{"line":84,"column":9}},"22":{"start":{"line":83,"column":8},"end":{"line":83,"column":15}},"23":{"start":{"line":85,"column":4},"end":{"line":194,"column":5}},"24":{"start":{"line":91,"column":8},"end":{"line":99,"column":10}},"25":{"start":{"line":98,"column":12},"end":{"line":98,"column":35}},"26":{"start":{"line":102,"column":8},"end":{"line":104,"column":63}},"27":{"start":{"line":105,"column":8},"end":{"line":105,"column":14}},"28":{"start":{"line":112,"column":8},"end":{"line":121,"column":10},"skip":true},"29":{"start":{"line":119,"column":12},"end":{"line":119,"column":55},"skip":true},"30":{"start":{"line":120,"column":12},"end":{"line":120,"column":48},"skip":true},"31":{"start":{"line":123,"column":8},"end":{"line":136,"column":10},"skip":true},"32":{"start":{"line":130,"column":12},"end":{"line":130,"column":76},"skip":true},"33":{"start":{"line":131,"column":12},"end":{"line":131,"column":73},"skip":true},"34":{"start":{"line":132,"column":12},"end":{"line":132,"column":74},"skip":true},"35":{"start":{"line":133,"column":12},"end":{"line":133,"column":79},"skip":true},"36":{"start":{"line":134,"column":12},"end":{"line":134,"column":25},"skip":true},"37":{"start":{"line":135,"column":12},"end":{"line":135,"column":45},"skip":true},"38":{"start":{"line":138,"column":8},"end":{"line":145,"column":14},"skip":true},"39":{"start":{"line":143,"column":16},"end":{"line":143,"column":29},"skip":true},"40":{"start":{"line":144,"column":16},"end":{"line":144,"column":55},"skip":true},"41":{"start":{"line":147,"column":8},"end":{"line":156,"column":10},"skip":true},"42":{"start":{"line":154,"column":12},"end":{"line":154,"column":25},"skip":true},"43":{"start":{"line":155,"column":12},"end":{"line":155,"column":45},"skip":true},"44":{"start":{"line":158,"column":8},"end":{"line":167,"column":10},"skip":true},"45":{"start":{"line":165,"column":12},"end":{"line":165,"column":25},"skip":true},"46":{"start":{"line":166,"column":12},"end":{"line":166,"column":48},"skip":true},"47":{"start":{"line":169,"column":8},"end":{"line":178,"column":10},"skip":true},"48":{"start":{"line":176,"column":12},"end":{"line":176,"column":25},"skip":true},"49":{"start":{"line":177,"column":12},"end":{"line":177,"column":46},"skip":true},"50":{"start":{"line":180,"column":8},"end":{"line":189,"column":10},"skip":true},"51":{"start":{"line":187,"column":12},"end":{"line":187,"column":94},"skip":true},"52":{"start":{"line":188,"column":12},"end":{"line":188,"column":48},"skip":true},"53":{"start":{"line":192,"column":8},"end":{"line":192,"column":35},"skip":true},"54":{"start":{"line":193,"column":8},"end":{"line":193,"column":14},"skip":true}},"branchMap":{"1":{"line":25,"type":"binary-expr","locations":[{"start":{"line":25,"column":23},"end":{"line":25,"column":62}},{"start":{"line":26,"column":20},"end":{"line":26,"column":70}},{"start":{"line":27,"column":20},"end":{"line":27,"column":71}},{"start":{"line":28,"column":20},"end":{"line":28,"column":29}}]},"2":{"line":30,"type":"binary-expr","locations":[{"start":{"line":30,"column":23},"end":{"line":30,"column":37}},{"start":{"line":31,"column":20},"end":{"line":31,"column":61}},{"start":{"line":32,"column":20},"end":{"line":32,"column":70}},{"start":{"line":33,"column":20},"end":{"line":33,"column":26}}]},"3":{"line":37,"type":"cond-expr","locations":[{"start":{"line":38,"column":14},"end":{"line":38,"column":20}},{"start":{"line":39,"column":14},"end":{"line":39,"column":20}}]},"4":{"line":40,"type":"switch","locations":[{"start":{"line":42,"column":8},"end":{"line":47,"column":18}},{"start":{"line":49,"column":8},"end":{"line":52,"column":18}}]},"5":{"line":44,"type":"binary-expr","locations":[{"start":{"line":44,"column":16},"end":{"line":44,"column":44}},{"start":{"line":44,"column":48},"end":{"line":44,"column":66}}]},"6":{"line":50,"type":"binary-expr","locations":[{"start":{"line":50,"column":21},"end":{"line":50,"column":49}},{"start":{"line":50,"column":53},"end":{"line":50,"column":72}}]},"7":{"line":64,"type":"switch","locations":[{"start":{"line":69,"column":4},"end":{"line":70,"column":14}},{"start":{"line":75,"column":4},"end":{"line":76,"column":14}}]},"8":{"line":85,"type":"switch","locations":[{"start":{"line":90,"column":4},"end":{"line":105,"column":14}},{"start":{"line":111,"column":4},"end":{"line":193,"column":14},"skip":true}]},"9":{"line":91,"type":"binary-expr","locations":[{"start":{"line":91,"column":42},"end":{"line":91,"column":73}},{"start":{"line":91,"column":77},"end":{"line":99,"column":9}}]},"10":{"line":102,"type":"binary-expr","locations":[{"start":{"line":102,"column":18},"end":{"line":102,"column":32}},{"start":{"line":103,"column":12},"end":{"line":103,"column":53}},{"start":{"line":104,"column":12},"end":{"line":104,"column":61}}]},"11":{"line":112,"type":"binary-expr","locations":[{"start":{"line":112,"column":45},"end":{"line":112,"column":79},"skip":true},{"start":{"line":112,"column":83},"end":{"line":121,"column":9},"skip":true}]},"12":{"line":123,"type":"binary-expr","locations":[{"start":{"line":123,"column":42},"end":{"line":123,"column":73},"skip":true},{"start":{"line":123,"column":77},"end":{"line":136,"column":9},"skip":true}]},"13":{"line":138,"type":"binary-expr","locations":[{"start":{"line":138,"column":48},"end":{"line":138,"column":85},"skip":true},{"start":{"line":139,"column":12},"end":{"line":145,"column":13},"skip":true}]},"14":{"line":147,"type":"binary-expr","locations":[{"start":{"line":147,"column":42},"end":{"line":147,"column":73},"skip":true},{"start":{"line":147,"column":77},"end":{"line":156,"column":9},"skip":true}]},"15":{"line":158,"type":"binary-expr","locations":[{"start":{"line":158,"column":45},"end":{"line":158,"column":79},"skip":true},{"start":{"line":158,"column":83},"end":{"line":167,"column":9},"skip":true}]},"16":{"line":169,"type":"binary-expr","locations":[{"start":{"line":169,"column":43},"end":{"line":169,"column":75},"skip":true},{"start":{"line":169,"column":79},"end":{"line":178,"column":9},"skip":true}]},"17":{"line":180,"type":"binary-expr","locations":[{"start":{"line":180,"column":41},"end":{"line":180,"column":71},"skip":true},{"start":{"line":180,"column":75},"end":{"line":189,"column":9},"skip":true}]}},"code":["/* istanbul instrument in package npmtest_ddp */","/*jslint","    bitwise: true,","    browser: true,","    maxerr: 8,","    maxlen: 96,","    node: true,","    nomen: true,","    regexp: true,","    stupid: true","*/","(function () {","    'use strict';","    var local;","","","","    // run shared js-env code - pre-init","    (function () {","        // init local","        local = {};","        // init modeJs","        local.modeJs = (function () {","            try {","                return typeof navigator.userAgent === 'string' &&","                    typeof document.querySelector('body') === 'object' &&","                    typeof XMLHttpRequest.prototype.open === 'function' &&","                    'browser';","            } catch (errorCaughtBrowser) {","                return module.exports &&","                    typeof process.versions.node === 'string' &&","                    typeof require('http').createServer === 'function' &&","                    'node';","            }","        }());","        // init global","        local.global = local.modeJs === 'browser'","            ? window","            : global;","        switch (local.modeJs) {","        // re-init local from window.local","        case 'browser':","            local = local.global.utility2.objectSetDefault(","                local.global.utility2_rollup || local.global.local,","                local.global.utility2","            );","            break;","        // re-init local from example.js","        case 'node':","            local = (local.global.utility2_rollup || require('utility2'))","                .requireExampleJsFromReadme();","            break;","        }","        // export local","        local.global.local = local;","    }());","","","","    // run shared js-env code - function","    (function () {","        return;","    }());","    switch (local.modeJs) {","","","","    // run browser js-env code - function","    case 'browser':","        break;","","","","    // run node js-env code - function","    case 'node':","        break;","    }","","","","    // run shared js-env code - post-init","    (function () {","        return;","    }());","    switch (local.modeJs) {","","","","    // run browser js-env code - post-init","    case 'browser':","        local.testCase_browser_nullCase = local.testCase_browser_nullCase || function (","            options,","            onError","        ) {","        /*","         * this function will test browsers's null-case handling-behavior-behavior","         */","            onError(null, options);","        };","","        // run tests","        local.nop(local.modeTest &&","            document.querySelector('#testRunButton1') &&","            document.querySelector('#testRunButton1').click());","        break;","","","","    // run node js-env code - post-init","    /* istanbul ignore next */","    case 'node':","        local.testCase_buildApidoc_default = local.testCase_buildApidoc_default || function (","            options,","            onError","        ) {","        /*","         * this function will test buildApidoc's default handling-behavior-behavior","         */","            options = { modulePathList: module.paths };","            local.buildApidoc(options, onError);","        };","","        local.testCase_buildApp_default = local.testCase_buildApp_default || function (","            options,","            onError","        ) {","        /*","         * this function will test buildApp's default handling-behavior-behavior","         */","            local.testCase_buildReadme_default(options, local.onErrorThrow);","            local.testCase_buildLib_default(options, local.onErrorThrow);","            local.testCase_buildTest_default(options, local.onErrorThrow);","            local.testCase_buildCustomOrg_default(options, local.onErrorThrow);","            options = [];","            local.buildApp(options, onError);","        };","","        local.testCase_buildCustomOrg_default = local.testCase_buildCustomOrg_default ||","            function (options, onError) {","            /*","             * this function will test buildCustomOrg's default handling-behavior","             */","                options = {};","                local.buildCustomOrg(options, onError);","            };","","        local.testCase_buildLib_default = local.testCase_buildLib_default || function (","            options,","            onError","        ) {","        /*","         * this function will test buildLib's default handling-behavior","         */","            options = {};","            local.buildLib(options, onError);","        };","","        local.testCase_buildReadme_default = local.testCase_buildReadme_default || function (","            options,","            onError","        ) {","        /*","         * this function will test buildReadme's default handling-behavior-behavior","         */","            options = {};","            local.buildReadme(options, onError);","        };","","        local.testCase_buildTest_default = local.testCase_buildTest_default || function (","            options,","            onError","        ) {","        /*","         * this function will test buildTest's default handling-behavior","         */","            options = {};","            local.buildTest(options, onError);","        };","","        local.testCase_webpage_default = local.testCase_webpage_default || function (","            options,","            onError","        ) {","        /*","         * this function will test webpage's default handling-behavior","         */","            options = { modeCoverageMerge: true, url: local.serverLocalHost + '?modeTest=1' };","            local.browserTest(options, onError);","        };","","        // run test-server","        local.testRunServer(local);","        break;","    }","}());",""],"l":{"12":2,"14":2,"19":2,"21":2,"23":2,"24":2,"25":2,"30":1,"37":2,"40":2,"43":1,"47":1,"50":1,"52":1,"55":2,"61":2,"62":2,"64":2,"70":1,"76":1,"82":2,"83":2,"85":2,"91":1,"98":1,"102":1,"105":1,"112":1,"119":1,"120":1,"123":1,"130":1,"131":1,"132":1,"133":1,"134":1,"135":1,"138":1,"143":2,"144":2,"147":1,"154":2,"155":2,"158":1,"165":2,"166":2,"169":1,"176":2,"177":2,"180":1,"187":1,"188":1,"192":1,"193":1}},"/home/travis/build/npmtest/node-npmtest-ddp/lib.npmtest_ddp.js":{"path":"/home/travis/build/npmtest/node-npmtest-ddp/lib.npmtest_ddp.js","s":{"1":2,"2":2,"3":2,"4":2,"5":2,"6":2,"7":2,"8":1,"9":2,"10":2,"11":2,"12":2,"13":1,"14":1,"15":1,"16":1},"b":{"1":[2,1,1,1],"2":[1,1,1,1],"3":[1,1],"4":[2,2],"5":[1,1]},"f":{"1":2,"2":2,"3":2},"fnMap":{"1":{"name":"(anonymous_1)","line":12,"loc":{"start":{"line":12,"column":1},"end":{"line":12,"column":13}}},"2":{"name":"(anonymous_2)","line":19,"loc":{"start":{"line":19,"column":5},"end":{"line":19,"column":17}}},"3":{"name":"(anonymous_3)","line":23,"loc":{"start":{"line":23,"column":24},"end":{"line":23,"column":36}}}},"statementMap":{"1":{"start":{"line":12,"column":0},"end":{"line":53,"column":5}},"2":{"start":{"line":14,"column":4},"end":{"line":14,"column":14}},"3":{"start":{"line":19,"column":4},"end":{"line":52,"column":9}},"4":{"start":{"line":21,"column":8},"end":{"line":21,"column":19}},"5":{"start":{"line":23,"column":8},"end":{"line":35,"column":13}},"6":{"start":{"line":24,"column":12},"end":{"line":34,"column":13}},"7":{"start":{"line":25,"column":16},"end":{"line":28,"column":30}},"8":{"start":{"line":30,"column":16},"end":{"line":33,"column":27}},"9":{"start":{"line":37,"column":8},"end":{"line":39,"column":21}},"10":{"start":{"line":41,"column":8},"end":{"line":41,"column":54}},"11":{"start":{"line":43,"column":8},"end":{"line":43,"column":48}},"12":{"start":{"line":45,"column":8},"end":{"line":51,"column":9}},"13":{"start":{"line":46,"column":12},"end":{"line":46,"column":54}},"14":{"start":{"line":48,"column":12},"end":{"line":48,"column":35}},"15":{"start":{"line":49,"column":12},"end":{"line":49,"column":49}},"16":{"start":{"line":50,"column":12},"end":{"line":50,"column":43}}},"branchMap":{"1":{"line":25,"type":"binary-expr","locations":[{"start":{"line":25,"column":23},"end":{"line":25,"column":62}},{"start":{"line":26,"column":20},"end":{"line":26,"column":70}},{"start":{"line":27,"column":20},"end":{"line":27,"column":71}},{"start":{"line":28,"column":20},"end":{"line":28,"column":29}}]},"2":{"line":30,"type":"binary-expr","locations":[{"start":{"line":30,"column":23},"end":{"line":30,"column":37}},{"start":{"line":31,"column":20},"end":{"line":31,"column":61}},{"start":{"line":32,"column":20},"end":{"line":32,"column":70}},{"start":{"line":33,"column":20},"end":{"line":33,"column":26}}]},"3":{"line":37,"type":"cond-expr","locations":[{"start":{"line":38,"column":14},"end":{"line":38,"column":20}},{"start":{"line":39,"column":14},"end":{"line":39,"column":20}}]},"4":{"line":41,"type":"binary-expr","locations":[{"start":{"line":41,"column":16},"end":{"line":41,"column":44}},{"start":{"line":41,"column":48},"end":{"line":41,"column":53}}]},"5":{"line":45,"type":"if","locations":[{"start":{"line":45,"column":8},"end":{"line":45,"column":8}},{"start":{"line":45,"column":8},"end":{"line":45,"column":8}}]}},"code":["/* istanbul instrument in package npmtest_ddp */","/*jslint","    bitwise: true,","    browser: true,","    maxerr: 8,","    maxlen: 96,","    node: true,","    nomen: true,","    regexp: true,","    stupid: true","*/","(function () {","    'use strict';","    var local;","","","","    // run shared js-env code - pre-init","    (function () {","        // init local","        local = {};","        // init modeJs","        local.modeJs = (function () {","            try {","                return typeof navigator.userAgent === 'string' &&","                    typeof document.querySelector('body') === 'object' &&","                    typeof XMLHttpRequest.prototype.open === 'function' &&","                    'browser';","            } catch (errorCaughtBrowser) {","                return module.exports &&","                    typeof process.versions.node === 'string' &&","                    typeof require('http').createServer === 'function' &&","                    'node';","            }","        }());","        // init global","        local.global = local.modeJs === 'browser'","            ? window","            : global;","        // init utility2_rollup","        local = local.global.utility2_rollup || local;","        // init lib","        local.local = local.npmtest_ddp = local;","        // init exports","        if (local.modeJs === 'browser') {","            local.global.utility2_npmtest_ddp = local;","        } else {","            module.exports = local;","            module.exports.__dirname = __dirname;","            module.exports.module = module;","        }","    }());","}());",""],"l":{"12":2,"14":2,"19":2,"21":2,"23":2,"24":2,"25":2,"30":1,"37":2,"41":2,"43":2,"45":2,"46":1,"48":1,"49":1,"50":1}},"/home/travis/build/npmtest/node-npmtest-ddp/example.js":{"path":"/home/travis/build/npmtest/node-npmtest-ddp/example.js","s":{"1":2,"2":2,"3":2,"4":2,"5":2,"6":2,"7":2,"8":1,"9":2,"10":2,"11":2,"12":2,"13":1,"14":2,"15":2,"16":2,"17":2,"18":2,"19":0,"20":2,"21":1,"22":1,"23":1,"24":1,"25":1,"26":0,"27":0,"28":1,"29":1,"30":2,"31":0,"32":0,"33":0,"34":1,"35":2,"36":2,"37":3,"38":3,"39":3,"40":3,"41":0,"42":3,"43":3,"44":3,"45":1,"46":3,"47":1,"48":1,"49":1,"50":1,"51":1,"52":1,"53":1,"54":1,"55":1,"56":1,"57":0,"58":1,"59":6,"60":6,"61":1,"62":2,"63":0,"64":2,"65":1,"66":1,"67":0,"68":0,"69":0,"70":0,"71":0,"72":0,"73":0,"74":0,"75":0,"76":0,"77":0,"78":0,"79":0,"80":0,"81":0,"82":0,"83":0},"b":{"1":[2,1,1,1],"2":[1,1,1,1],"3":[1,1],"4":[2,2],"5":[1,1],"6":[1,1],"7":[2,0],"8":[2,1,1,1,1,1],"9":[0,2,0],"10":[1,1],"11":[2,1,1],"12":[1,0],"13":[0,2],"14":[2,0,0,0,0,0,0],"15":[0,3],"16":[3,0],"17":[1,1],"18":[0,1],"19":[1,2,0,2],"20":[1,0],"21":[1,1],"22":[0,0],"23":[0,0],"24":[0,0],"25":[0,0],"26":[0,0],"27":[0,0],"28":[0,0]},"f":{"1":2,"2":2,"3":2,"4":2,"5":2,"6":2,"7":3,"8":3,"9":3,"10":1,"11":6,"12":0},"fnMap":{"1":{"name":"(anonymous_1)","line":26,"loc":{"start":{"line":26,"column":1},"end":{"line":26,"column":13}}},"2":{"name":"(anonymous_2)","line":33,"loc":{"start":{"line":33,"column":5},"end":{"line":33,"column":17}}},"3":{"name":"(anonymous_3)","line":37,"loc":{"start":{"line":37,"column":24},"end":{"line":37,"column":36}}},"4":{"name":"(anonymous_4)","line":69,"loc":{"start":{"line":69,"column":31},"end":{"line":69,"column":48}},"skip":true},"5":{"name":"(anonymous_5)","line":78,"loc":{"start":{"line":78,"column":26},"end":{"line":78,"column":45}},"skip":true},"6":{"name":"(anonymous_6)","line":123,"loc":{"start":{"line":123,"column":33},"end":{"line":123,"column":48}},"skip":true},"7":{"name":"(anonymous_7)","line":125,"loc":{"start":{"line":125,"column":27},"end":{"line":125,"column":39}},"skip":true},"8":{"name":"(anonymous_8)","line":133,"loc":{"start":{"line":133,"column":59},"end":{"line":133,"column":74}},"skip":true},"9":{"name":"(anonymous_9)","line":143,"loc":{"start":{"line":143,"column":45},"end":{"line":143,"column":62}},"skip":true},"10":{"name":"(anonymous_10)","line":144,"loc":{"start":{"line":144,"column":73},"end":{"line":144,"column":92}},"skip":true},"11":{"name":"(anonymous_11)","line":272,"loc":{"start":{"line":272,"column":51},"end":{"line":272,"column":77}},"skip":true},"12":{"name":"(anonymous_12)","line":315,"loc":{"start":{"line":315,"column":32},"end":{"line":315,"column":61}},"skip":true}},"statementMap":{"1":{"start":{"line":26,"column":0},"end":{"line":326,"column":5}},"2":{"start":{"line":28,"column":4},"end":{"line":28,"column":14}},"3":{"start":{"line":33,"column":4},"end":{"line":60,"column":9}},"4":{"start":{"line":35,"column":8},"end":{"line":35,"column":19}},"5":{"start":{"line":37,"column":8},"end":{"line":49,"column":13}},"6":{"start":{"line":38,"column":12},"end":{"line":48,"column":13}},"7":{"start":{"line":39,"column":16},"end":{"line":42,"column":30}},"8":{"start":{"line":44,"column":16},"end":{"line":47,"column":27}},"9":{"start":{"line":51,"column":8},"end":{"line":53,"column":21}},"10":{"start":{"line":55,"column":8},"end":{"line":57,"column":45}},"11":{"start":{"line":59,"column":8},"end":{"line":59,"column":35}},"12":{"start":{"line":61,"column":4},"end":{"line":325,"column":5}},"13":{"start":{"line":69,"column":8},"end":{"line":121,"column":10},"skip":true},"14":{"start":{"line":70,"column":12},"end":{"line":88,"column":13},"skip":true},"15":{"start":{"line":76,"column":16},"end":{"line":87,"column":19},"skip":true},"16":{"start":{"line":79,"column":20},"end":{"line":86,"column":21},"skip":true},"17":{"start":{"line":82,"column":24},"end":{"line":82,"column":43},"skip":true},"18":{"start":{"line":83,"column":24},"end":{"line":83,"column":30},"skip":true},"19":{"start":{"line":85,"column":24},"end":{"line":85,"column":49},"skip":true},"20":{"start":{"line":89,"column":12},"end":{"line":107,"column":13},"skip":true},"21":{"start":{"line":92,"column":16},"end":{"line":102,"column":17},"skip":true},"22":{"start":{"line":93,"column":20},"end":{"line":93,"column":86},"skip":true},"23":{"start":{"line":94,"column":20},"end":{"line":95,"column":45},"skip":true},"24":{"start":{"line":96,"column":20},"end":{"line":96,"column":42},"skip":true},"25":{"start":{"line":97,"column":20},"end":{"line":97,"column":48},"skip":true},"26":{"start":{"line":100,"column":20},"end":{"line":100,"column":85},"skip":true},"27":{"start":{"line":101,"column":20},"end":{"line":101,"column":96},"skip":true},"28":{"start":{"line":103,"column":16},"end":{"line":103,"column":22},"skip":true},"29":{"start":{"line":106,"column":16},"end":{"line":106,"column":22},"skip":true},"30":{"start":{"line":108,"column":12},"end":{"line":120,"column":13},"skip":true},"31":{"start":{"line":114,"column":16},"end":{"line":119,"column":17},"skip":true},"32":{"start":{"line":116,"column":20},"end":{"line":116,"column":78},"skip":true},"33":{"start":{"line":118,"column":20},"end":{"line":118,"column":47},"skip":true},"34":{"start":{"line":123,"column":8},"end":{"line":141,"column":11},"skip":true},"35":{"start":{"line":124,"column":12},"end":{"line":124,"column":54},"skip":true},"36":{"start":{"line":125,"column":12},"end":{"line":140,"column":14},"skip":true},"37":{"start":{"line":126,"column":16},"end":{"line":126,"column":28},"skip":true},"38":{"start":{"line":127,"column":16},"end":{"line":127,"column":69},"skip":true},"39":{"start":{"line":128,"column":16},"end":{"line":128,"column":75},"skip":true},"40":{"start":{"line":129,"column":16},"end":{"line":131,"column":17},"skip":true},"41":{"start":{"line":130,"column":20},"end":{"line":130,"column":27},"skip":true},"42":{"start":{"line":133,"column":16},"end":{"line":137,"column":36},"skip":true},"43":{"start":{"line":134,"column":20},"end":{"line":136,"column":55},"skip":true},"44":{"start":{"line":139,"column":16},"end":{"line":139,"column":57},"skip":true},"45":{"start":{"line":143,"column":8},"end":{"line":147,"column":11},"skip":true},"46":{"start":{"line":144,"column":12},"end":{"line":146,"column":15},"skip":true},"47":{"start":{"line":145,"column":16},"end":{"line":145,"column":70},"skip":true},"48":{"start":{"line":149,"column":8},"end":{"line":149,"column":31},"skip":true},"49":{"start":{"line":150,"column":8},"end":{"line":150,"column":14},"skip":true},"50":{"start":{"line":158,"column":8},"end":{"line":158,"column":31},"skip":true},"51":{"start":{"line":160,"column":8},"end":{"line":160,"column":33},"skip":true},"52":{"start":{"line":161,"column":8},"end":{"line":161,"column":37},"skip":true},"53":{"start":{"line":162,"column":8},"end":{"line":162,"column":35},"skip":true},"54":{"start":{"line":164,"column":8},"end":{"line":164,"column":50},"skip":true},"55":{"start":{"line":166,"column":8},"end":{"line":256,"column":2},"skip":true},"56":{"start":{"line":258,"column":8},"end":{"line":286,"column":9},"skip":true},"57":{"start":{"line":259,"column":12},"end":{"line":269,"column":14},"skip":true},"58":{"start":{"line":271,"column":12},"end":{"line":285,"column":19},"skip":true},"59":{"start":{"line":274,"column":20},"end":{"line":274,"column":35},"skip":true},"60":{"start":{"line":275,"column":20},"end":{"line":284,"column":21},"skip":true},"61":{"start":{"line":277,"column":24},"end":{"line":277,"column":64},"skip":true},"62":{"start":{"line":279,"column":24},"end":{"line":279,"column":40},"skip":true},"63":{"start":{"line":281,"column":24},"end":{"line":281,"column":40},"skip":true},"64":{"start":{"line":283,"column":24},"end":{"line":283,"column":39},"skip":true},"65":{"start":{"line":288,"column":8},"end":{"line":290,"column":9},"skip":true},"66":{"start":{"line":289,"column":12},"end":{"line":289,"column":18},"skip":true},"67":{"start":{"line":291,"column":8},"end":{"line":293,"column":54},"skip":true},"68":{"start":{"line":296,"column":8},"end":{"line":301,"column":37},"skip":true},"69":{"start":{"line":303,"column":8},"end":{"line":303,"column":82},"skip":true},"70":{"start":{"line":306,"column":8},"end":{"line":308,"column":9},"skip":true},"71":{"start":{"line":307,"column":12},"end":{"line":307,"column":82},"skip":true},"72":{"start":{"line":310,"column":8},"end":{"line":312,"column":9},"skip":true},"73":{"start":{"line":311,"column":12},"end":{"line":311,"column":18},"skip":true},"74":{"start":{"line":313,"column":8},"end":{"line":313,"column":54},"skip":true},"75":{"start":{"line":314,"column":8},"end":{"line":314,"column":69},"skip":true},"76":{"start":{"line":315,"column":8},"end":{"line":323,"column":36},"skip":true},"77":{"start":{"line":316,"column":12},"end":{"line":316,"column":61},"skip":true},"78":{"start":{"line":317,"column":12},"end":{"line":320,"column":13},"skip":true},"79":{"start":{"line":318,"column":16},"end":{"line":318,"column":75},"skip":true},"80":{"start":{"line":319,"column":16},"end":{"line":319,"column":23},"skip":true},"81":{"start":{"line":321,"column":12},"end":{"line":321,"column":38},"skip":true},"82":{"start":{"line":322,"column":12},"end":{"line":322,"column":27},"skip":true},"83":{"start":{"line":324,"column":8},"end":{"line":324,"column":14},"skip":true}},"branchMap":{"1":{"line":39,"type":"binary-expr","locations":[{"start":{"line":39,"column":23},"end":{"line":39,"column":62}},{"start":{"line":40,"column":20},"end":{"line":40,"column":70}},{"start":{"line":41,"column":20},"end":{"line":41,"column":71}},{"start":{"line":42,"column":20},"end":{"line":42,"column":29}}]},"2":{"line":44,"type":"binary-expr","locations":[{"start":{"line":44,"column":23},"end":{"line":44,"column":37}},{"start":{"line":45,"column":20},"end":{"line":45,"column":61}},{"start":{"line":46,"column":20},"end":{"line":46,"column":70}},{"start":{"line":47,"column":20},"end":{"line":47,"column":26}}]},"3":{"line":51,"type":"cond-expr","locations":[{"start":{"line":52,"column":14},"end":{"line":52,"column":20}},{"start":{"line":53,"column":14},"end":{"line":53,"column":20}}]},"4":{"line":55,"type":"binary-expr","locations":[{"start":{"line":55,"column":16},"end":{"line":55,"column":44}},{"start":{"line":55,"column":49},"end":{"line":57,"column":43}}]},"5":{"line":55,"type":"cond-expr","locations":[{"start":{"line":56,"column":14},"end":{"line":56,"column":47}},{"start":{"line":57,"column":14},"end":{"line":57,"column":43}}]},"6":{"line":61,"type":"switch","locations":[{"start":{"line":68,"column":4},"end":{"line":150,"column":14},"skip":true},{"start":{"line":156,"column":4},"end":{"line":324,"column":14},"skip":true}]},"7":{"line":70,"type":"if","locations":[{"start":{"line":70,"column":12},"end":{"line":70,"column":12},"skip":true},{"start":{"line":70,"column":12},"end":{"line":70,"column":12},"skip":true}]},"8":{"line":70,"type":"binary-expr","locations":[{"start":{"line":70,"column":16},"end":{"line":70,"column":22},"skip":true},{"start":{"line":70,"column":27},"end":{"line":70,"column":32},"skip":true},{"start":{"line":71,"column":20},"end":{"line":71,"column":39},"skip":true},{"start":{"line":72,"column":20},"end":{"line":72,"column":49},"skip":true},{"start":{"line":73,"column":20},"end":{"line":73,"column":58},"skip":true},{"start":{"line":74,"column":20},"end":{"line":74,"column":69},"skip":true}]},"9":{"line":79,"type":"switch","locations":[{"start":{"line":80,"column":20},"end":{"line":80,"column":33},"skip":true},{"start":{"line":81,"column":20},"end":{"line":83,"column":30},"skip":true},{"start":{"line":84,"column":20},"end":{"line":85,"column":49},"skip":true}]},"10":{"line":89,"type":"switch","locations":[{"start":{"line":90,"column":12},"end":{"line":103,"column":22},"skip":true},{"start":{"line":105,"column":12},"end":{"line":106,"column":22},"skip":true}]},"11":{"line":89,"type":"binary-expr","locations":[{"start":{"line":89,"column":20},"end":{"line":89,"column":25},"skip":true},{"start":{"line":89,"column":29},"end":{"line":89,"column":48},"skip":true},{"start":{"line":89,"column":52},"end":{"line":89,"column":74},"skip":true}]},"12":{"line":92,"type":"if","locations":[{"start":{"line":92,"column":16},"end":{"line":92,"column":16},"skip":true},{"start":{"line":92,"column":16},"end":{"line":92,"column":16},"skip":true}]},"13":{"line":108,"type":"if","locations":[{"start":{"line":108,"column":12},"end":{"line":108,"column":12},"skip":true},{"start":{"line":108,"column":12},"end":{"line":108,"column":12},"skip":true}]},"14":{"line":108,"type":"binary-expr","locations":[{"start":{"line":108,"column":16},"end":{"line":108,"column":61},"skip":true},{"start":{"line":108,"column":66},"end":{"line":108,"column":72},"skip":true},{"start":{"line":108,"column":77},"end":{"line":108,"column":82},"skip":true},{"start":{"line":109,"column":20},"end":{"line":109,"column":39},"skip":true},{"start":{"line":110,"column":20},"end":{"line":110,"column":49},"skip":true},{"start":{"line":111,"column":20},"end":{"line":111,"column":58},"skip":true},{"start":{"line":112,"column":20},"end":{"line":112,"column":68},"skip":true}]},"15":{"line":129,"type":"if","locations":[{"start":{"line":129,"column":16},"end":{"line":129,"column":16},"skip":true},{"start":{"line":129,"column":16},"end":{"line":129,"column":16},"skip":true}]},"16":{"line":134,"type":"cond-expr","locations":[{"start":{"line":135,"column":26},"end":{"line":135,"column":29},"skip":true},{"start":{"line":136,"column":26},"end":{"line":136,"column":54},"skip":true}]},"17":{"line":164,"type":"binary-expr","locations":[{"start":{"line":164,"column":27},"end":{"line":164,"column":43},"skip":true},{"start":{"line":164,"column":47},"end":{"line":164,"column":49},"skip":true}]},"18":{"line":258,"type":"if","locations":[{"start":{"line":258,"column":8},"end":{"line":258,"column":8},"skip":true},{"start":{"line":258,"column":8},"end":{"line":258,"column":8},"skip":true}]},"19":{"line":275,"type":"switch","locations":[{"start":{"line":276,"column":20},"end":{"line":277,"column":64},"skip":true},{"start":{"line":278,"column":20},"end":{"line":279,"column":40},"skip":true},{"start":{"line":280,"column":20},"end":{"line":281,"column":40},"skip":true},{"start":{"line":282,"column":20},"end":{"line":283,"column":39},"skip":true}]},"20":{"line":288,"type":"if","locations":[{"start":{"line":288,"column":8},"end":{"line":288,"column":8},"skip":true},{"start":{"line":288,"column":8},"end":{"line":288,"column":8},"skip":true}]},"21":{"line":288,"type":"binary-expr","locations":[{"start":{"line":288,"column":12},"end":{"line":288,"column":40},"skip":true},{"start":{"line":288,"column":44},"end":{"line":288,"column":67},"skip":true}]},"22":{"line":292,"type":"binary-expr","locations":[{"start":{"line":292,"column":12},"end":{"line":292,"column":50},"skip":true},{"start":{"line":293,"column":12},"end":{"line":293,"column":53},"skip":true}]},"23":{"line":297,"type":"binary-expr","locations":[{"start":{"line":297,"column":12},"end":{"line":297,"column":61},"skip":true},{"start":{"line":298,"column":12},"end":{"line":301,"column":36},"skip":true}]},"24":{"line":303,"type":"binary-expr","locations":[{"start":{"line":303,"column":43},"end":{"line":303,"column":75},"skip":true},{"start":{"line":303,"column":79},"end":{"line":303,"column":81},"skip":true}]},"25":{"line":306,"type":"if","locations":[{"start":{"line":306,"column":8},"end":{"line":306,"column":8},"skip":true},{"start":{"line":306,"column":8},"end":{"line":306,"column":8},"skip":true}]},"26":{"line":310,"type":"if","locations":[{"start":{"line":310,"column":8},"end":{"line":310,"column":8},"skip":true},{"start":{"line":310,"column":8},"end":{"line":310,"column":8},"skip":true}]},"27":{"line":313,"type":"binary-expr","locations":[{"start":{"line":313,"column":27},"end":{"line":313,"column":43},"skip":true},{"start":{"line":313,"column":47},"end":{"line":313,"column":53},"skip":true}]},"28":{"line":317,"type":"if","locations":[{"start":{"line":317,"column":12},"end":{"line":317,"column":12},"skip":true},{"start":{"line":317,"column":12},"end":{"line":317,"column":12},"skip":true}]}},"code":["/*","example.js","","quickstart example","","instruction","    1. save this script as example.js","    2. run the shell command:","        $ npm install npmtest-ddp && PORT=8081 node example.js","    3. play with the browser-demo on http://127.0.0.1:8081","*/","","","","/* istanbul instrument in package npmtest_ddp */","/*jslint","    bitwise: true,","    browser: true,","    maxerr: 8,","    maxlen: 96,","    node: true,","    nomen: true,","    regexp: true,","    stupid: true","*/","(function () {","    'use strict';","    var local;","","","","    // run shared js-env code - pre-init","    (function () {","        // init local","        local = {};","        // init modeJs","        local.modeJs = (function () {","            try {","                return typeof navigator.userAgent === 'string' &&","                    typeof document.querySelector('body') === 'object' &&","                    typeof XMLHttpRequest.prototype.open === 'function' &&","                    'browser';","            } catch (errorCaughtBrowser) {","                return module.exports &&","                    typeof process.versions.node === 'string' &&","                    typeof require('http').createServer === 'function' &&","                    'node';","            }","        }());","        // init global","        local.global = local.modeJs === 'browser'","            ? window","            : global;","        // init utility2_rollup","        local = local.global.utility2_rollup || (local.modeJs === 'browser'","            ? local.global.utility2_npmtest_ddp","            : global.utility2_moduleExports);","        // export local","        local.global.local = local;","    }());","    switch (local.modeJs) {","","","","    // post-init","    // run browser js-env code - post-init","    /* istanbul ignore next */","    case 'browser':","        local.testRunBrowser = function (event) {","            if (!event || (event &&","                    event.currentTarget &&","                    event.currentTarget.className &&","                    event.currentTarget.className.includes &&","                    event.currentTarget.className.includes('onreset'))) {","                // reset output","                Array.from(","                    document.querySelectorAll('body > .resettable')","                ).forEach(function (element) {","                    switch (element.tagName) {","                    case 'INPUT':","                    case 'TEXTAREA':","                        element.value = '';","                        break;","                    default:","                        element.textContent = '';","                    }","                });","            }","            switch (event && event.currentTarget && event.currentTarget.id) {","            case 'testRunButton1':","                // show tests","                if (document.querySelector('#testReportDiv1').style.display === 'none') {","                    document.querySelector('#testReportDiv1').style.display = 'block';","                    document.querySelector('#testRunButton1').textContent =","                        'hide internal test';","                    local.modeTest = true;","                    local.testRunDefault(local);","                // hide tests","                } else {","                    document.querySelector('#testReportDiv1').style.display = 'none';","                    document.querySelector('#testRunButton1').textContent = 'run internal test';","                }","                break;","            // custom-case","            default:","                break;","            }","            if (document.querySelector('#inputTextareaEval1') && (!event || (event &&","                    event.currentTarget &&","                    event.currentTarget.className &&","                    event.currentTarget.className.includes &&","                    event.currentTarget.className.includes('oneval')))) {","                // try to eval input-code","                try {","                    /*jslint evil: true*/","                    eval(document.querySelector('#inputTextareaEval1').value);","                } catch (errorCaught) {","                    console.error(errorCaught);","                }","            }","        };","        // log stderr and stdout to #outputTextareaStdout1","        ['error', 'log'].forEach(function (key) {","            console[key + '_original'] = console[key];","            console[key] = function () {","                var element;","                console[key + '_original'].apply(console, arguments);","                element = document.querySelector('#outputTextareaStdout1');","                if (!element) {","                    return;","                }","                // append text to #outputTextareaStdout1","                element.value += Array.from(arguments).map(function (arg) {","                    return typeof arg === 'string'","                        ? arg","                        : JSON.stringify(arg, null, 4);","                }).join(' ') + '\\n';","                // scroll textarea to bottom","                element.scrollTop = element.scrollHeight;","            };","        });","        // init event-handling","        ['change', 'click', 'keyup'].forEach(function (event) {","            Array.from(document.querySelectorAll('.on' + event)).forEach(function (element) {","                element.addEventListener(event, local.testRunBrowser);","            });","        });","        // run tests","        local.testRunBrowser();","        break;","","","","    // run node js-env code - post-init","    /* istanbul ignore next */","    case 'node':","        // export local","        module.exports = local;","        // require modules","        local.fs = require('fs');","        local.http = require('http');","        local.url = require('url');","        // init assets","        local.assetsDict = local.assetsDict || {};","        /* jslint-ignore-begin */","        local.assetsDict['/assets.index.template.html'] = '\\","<!doctype html>\\n\\","<html lang=\"en\">\\n\\","<head>\\n\\","<meta charset=\"UTF-8\">\\n\\","<meta name=\"viewport\" content=\"width=device-width, initial-scale=1\">\\n\\","<title>{{env.npm_package_name}} (v{{env.npm_package_version}})</title>\\n\\","<style>\\n\\","/*csslint\\n\\","    box-sizing: false,\\n\\","    universal-selector: false\\n\\","*/\\n\\","* {\\n\\","    box-sizing: border-box;\\n\\","}\\n\\","body {\\n\\","    background: #dde;\\n\\","    font-family: Arial, Helvetica, sans-serif;\\n\\","    margin: 2rem;\\n\\","}\\n\\","body > * {\\n\\","    margin-bottom: 1rem;\\n\\","}\\n\\",".utility2FooterDiv {\\n\\","    margin-top: 20px;\\n\\","    text-align: center;\\n\\","}\\n\\","</style>\\n\\","<style>\\n\\","/*csslint\\n\\","*/\\n\\","textarea {\\n\\","    font-family: monospace;\\n\\","    height: 10rem;\\n\\","    width: 100%;\\n\\","}\\n\\","textarea[readonly] {\\n\\","    background: #ddd;\\n\\","}\\n\\","</style>\\n\\","</head>\\n\\","<body>\\n\\","<!-- utility2-comment\\n\\","<div id=\"ajaxProgressDiv1\" style=\"background: #d00; height: 2px; left: 0; margin: 0; padding: 0; position: fixed; top: 0; transition: background 0.5s, width 1.5s; width: 25%;\"></div>\\n\\","utility2-comment -->\\n\\","<h1>\\n\\","<!-- utility2-comment\\n\\","    <a\\n\\","        {{#if env.npm_package_homepage}}\\n\\","        href=\"{{env.npm_package_homepage}}\"\\n\\","        {{/if env.npm_package_homepage}}\\n\\","        target=\"_blank\"\\n\\","    >\\n\\","utility2-comment -->\\n\\","        {{env.npm_package_name}} (v{{env.npm_package_version}})\\n\\","<!-- utility2-comment\\n\\","    </a>\\n\\","utility2-comment -->\\n\\","</h1>\\n\\","<h3>{{env.npm_package_description}}</h3>\\n\\","<!-- utility2-comment\\n\\","<h4><a download href=\"assets.app.js\">download standalone app</a></h4>\\n\\","<button class=\"onclick onreset\" id=\"testRunButton1\">run internal test</button><br>\\n\\","<div id=\"testReportDiv1\" style=\"display: none;\"></div>\\n\\","utility2-comment -->\\n\\","\\n\\","\\n\\","\\n\\","<label>stderr and stdout</label>\\n\\","<textarea class=\"resettable\" id=\"outputTextareaStdout1\" readonly></textarea>\\n\\","<!-- utility2-comment\\n\\","{{#if isRollup}}\\n\\","<script src=\"assets.app.js\"></script>\\n\\","{{#unless isRollup}}\\n\\","utility2-comment -->\\n\\","<script src=\"assets.utility2.rollup.js\"></script>\\n\\","<script src=\"jsonp.utility2._stateInit?callback=window.utility2._stateInit\"></script>\\n\\","<script src=\"assets.npmtest_ddp.rollup.js\"></script>\\n\\","<script src=\"assets.example.js\"></script>\\n\\","<script src=\"assets.test.js\"></script>\\n\\","<!-- utility2-comment\\n\\","{{/if isRollup}}\\n\\","utility2-comment -->\\n\\","<div class=\"utility2FooterDiv\">\\n\\","    [ this app was created with\\n\\","    <a href=\"https://github.com/kaizhu256/node-utility2\" target=\"_blank\">utility2</a>\\n\\","    ]\\n\\","</div>\\n\\","</body>\\n\\","</html>\\n\\","';","        /* jslint-ignore-end */","        if (local.templateRender) {","            local.assetsDict['/'] = local.templateRender(","                local.assetsDict['/assets.index.template.html'],","                {","                    env: local.objectSetDefault(local.env, {","                        npm_package_description: 'the greatest app in the world!',","                        npm_package_name: 'my-app',","                        npm_package_nameAlias: 'my_app',","                        npm_package_version: '0.0.1'","                    })","                }","            );","        } else {","            local.assetsDict['/'] = local.assetsDict['/assets.index.template.html']","                .replace((/\\{\\{env\\.(\\w+?)\\}\\}/g), function (match0, match1) {","                    // jslint-hack","                    String(match0);","                    switch (match1) {","                    case 'npm_package_description':","                        return 'the greatest app in the world!';","                    case 'npm_package_name':","                        return 'my-app';","                    case 'npm_package_nameAlias':","                        return 'my_app';","                    case 'npm_package_version':","                        return '0.0.1';","                    }","                });","        }","        // run the cli","        if (local.global.utility2_rollup || module !== require.main) {","            break;","        }","        local.assetsDict['/assets.example.js'] =","            local.assetsDict['/assets.example.js'] ||","            local.fs.readFileSync(__filename, 'utf8');","        // bug-workaround - long $npm_package_buildCustomOrg","        /* jslint-ignore-begin */","        local.assetsDict['/assets.npmtest_ddp.rollup.js'] =","            local.assetsDict['/assets.npmtest_ddp.rollup.js'] ||","            local.fs.readFileSync(","                local.npmtest_ddp.__dirname + '/lib.npmtest_ddp.js',","                'utf8'","            ).replace((/^#!/), '//');","        /* jslint-ignore-end */","        local.assetsDict['/favicon.ico'] = local.assetsDict['/favicon.ico'] || '';","        // if $npm_config_timeout_exit exists,","        // then exit this process after $npm_config_timeout_exit ms","        if (Number(process.env.npm_config_timeout_exit)) {","            setTimeout(process.exit, Number(process.env.npm_config_timeout_exit));","        }","        // start server","        if (local.global.utility2_serverHttp1) {","            break;","        }","        process.env.PORT = process.env.PORT || '8081';","        console.error('server starting on port ' + process.env.PORT);","        local.http.createServer(function (request, response) {","            request.urlParsed = local.url.parse(request.url);","            if (local.assetsDict[request.urlParsed.pathname] !== undefined) {","                response.end(local.assetsDict[request.urlParsed.pathname]);","                return;","            }","            response.statusCode = 404;","            response.end();","        }).listen(process.env.PORT);","        break;","    }","}());",""],"l":{"26":2,"28":2,"33":2,"35":2,"37":2,"38":2,"39":2,"44":1,"51":2,"55":2,"59":2,"61":2,"69":1,"70":2,"76":2,"79":2,"82":2,"83":2,"85":1,"89":2,"92":1,"93":1,"94":1,"96":1,"97":1,"100":1,"101":1,"103":1,"106":1,"108":2,"114":1,"116":1,"118":1,"123":1,"124":2,"125":2,"126":3,"127":3,"128":3,"129":3,"130":1,"133":3,"134":3,"139":3,"143":1,"144":3,"145":1,"149":1,"150":1,"158":1,"160":1,"161":1,"162":1,"164":1,"166":1,"258":1,"259":1,"271":1,"274":6,"275":6,"277":1,"279":2,"281":1,"283":2,"288":1,"289":1,"291":1,"296":1,"303":1,"306":1,"307":1,"310":1,"311":1,"313":1,"314":1,"315":1,"316":1,"317":1,"318":1,"319":1,"321":1,"322":1,"324":1}},"/home/travis/build/npmtest/node-npmtest-ddp/node_modules/ddp/lib/ddp-client.js":{"path":"/home/travis/build/npmtest/node-npmtest-ddp/node_modules/ddp/lib/ddp-client.js","s":{"1":1,"2":1,"3":1,"4":1,"5":1,"6":1,"7":1,"8":1,"9":0,"10":0,"11":0,"12":0,"13":0,"14":0,"15":0,"16":0,"17":0,"18":0,"19":0,"20":0,"21":0,"22":0,"23":0,"24":0,"25":0,"26":0,"27":0,"28":0,"29":0,"30":0,"31":0,"32":0,"33":0,"34":0,"35":0,"36":0,"37":0,"38":0,"39":0,"40":0,"41":0,"42":0,"43":1,"44":1,"45":1,"46":0,"47":0,"48":0,"49":0,"50":0,"51":0,"52":0,"53":0,"54":0,"55":0,"56":0,"57":0,"58":0,"59":0,"60":1,"61":0,"62":0,"63":0,"64":0,"65":1,"66":0,"67":0,"68":0,"69":0,"70":0,"71":0,"72":1,"73":0,"74":1,"75":0,"76":0,"77":0,"78":0,"79":0,"80":0,"81":0,"82":0,"83":0,"84":0,"85":0,"86":0,"87":0,"88":0,"89":0,"90":0,"91":0,"92":0,"93":0,"94":0,"95":0,"96":0,"97":0,"98":0,"99":0,"100":0,"101":0,"102":0,"103":0,"104":0,"105":0,"106":0,"107":0,"108":0,"109":0,"110":0,"111":0,"112":0,"113":0,"114":0,"115":0,"116":0,"117":0,"118":0,"119":0,"120":0,"121":0,"122":0,"123":0,"124":0,"125":0,"126":0,"127":0,"128":0,"129":0,"130":0,"131":0,"132":0,"133":0,"134":0,"135":0,"136":0,"137":0,"138":0,"139":0,"140":0,"141":0,"142":0,"143":0,"144":0,"145":0,"146":0,"147":0,"148":0,"149":0,"150":0,"151":0,"152":0,"153":0,"154":0,"155":1,"156":0,"157":1,"158":0,"159":0,"160":0,"161":1,"162":0,"163":0,"164":0,"165":1,"166":0,"167":0,"168":0,"169":0,"170":0,"171":0,"172":0,"173":0,"174":0,"175":0,"176":0,"177":0,"178":0,"179":0,"180":0,"181":0,"182":0,"183":0,"184":1,"185":0,"186":0,"187":0,"188":0,"189":0,"190":0,"191":0,"192":0,"193":0,"194":0,"195":1,"196":0,"197":0,"198":0,"199":0,"200":0,"201":0,"202":0,"203":0,"204":0,"205":0,"206":0,"207":0,"208":0,"209":0,"210":0,"211":0,"212":0,"213":0,"214":0,"215":0,"216":0,"217":0,"218":0,"219":0,"220":0,"221":0,"222":1,"223":0,"224":0,"225":0,"226":0,"227":0,"228":0,"229":0,"230":0,"231":0,"232":1,"233":0,"234":0,"235":0,"236":1,"237":0,"238":0,"239":0,"240":0,"241":0,"242":1,"243":0,"244":0,"245":0,"246":0,"247":0,"248":0,"249":0,"250":0,"251":0,"252":0,"253":0,"254":0,"255":1,"256":0,"257":0,"258":0,"259":0,"260":0,"261":0,"262":0,"263":1,"264":0,"265":0,"266":0,"267":0,"268":0,"269":0,"270":1,"271":0,"272":0,"273":1,"274":0,"275":0,"276":0,"277":0,"278":0,"279":0,"280":0,"281":0,"282":0,"283":0,"284":0,"285":0,"286":0,"287":0,"288":1},"b":{"1":[0,0],"2":[0,0],"3":[0,0],"4":[0,0],"5":[0,0],"6":[0,0],"7":[0,0],"8":[0,0],"9":[0,0],"10":[0,0],"11":[0,0],"12":[0,0],"13":[0,0],"14":[0,0],"15":[0,0],"16":[0,0],"17":[0,0],"18":[0,0],"19":[0,0],"20":[0,0,0],"21":[0,0],"22":[0,0],"23":[0,0],"24":[0,0],"25":[0,0],"26":[0,0],"27":[0,0],"28":[0,0],"29":[0,0],"30":[0,0],"31":[0,0],"32":[0,0],"33":[0,0],"34":[0,0],"35":[0,0],"36":[0,0],"37":[0,0],"38":[0,0],"39":[0,0],"40":[0,0],"41":[0,0],"42":[0,0],"43":[0,0],"44":[0,0],"45":[0,0],"46":[0,0],"47":[0,0],"48":[0,0],"49":[0,0],"50":[0,0],"51":[0,0],"52":[0,0],"53":[0,0],"54":[0,0],"55":[0,0],"56":[0,0],"57":[0,0],"58":[0,0],"59":[0,0],"60":[0,0],"61":[0,0],"62":[0,0],"63":[0,0],"64":[0,0],"65":[0,0],"66":[0,0],"67":[0,0],"68":[0,0],"69":[0,0,0],"70":[0,0],"71":[0,0],"72":[0,0],"73":[0,0],"74":[0,0],"75":[0,0],"76":[0,0],"77":[0,0],"78":[0,0],"79":[0,0],"80":[0,0],"81":[0,0]},"f":{"1":0,"2":0,"3":0,"4":0,"5":0,"6":0,"7":0,"8":0,"9":0,"10":0,"11":0,"12":0,"13":0,"14":0,"15":0,"16":0,"17":0,"18":0,"19":0,"20":0,"21":0,"22":0,"23":0,"24":0,"25":0,"26":0,"27":0,"28":0,"29":0,"30":0,"31":0,"32":0,"33":0,"34":0,"35":0,"36":0,"37":0,"38":0,"39":0,"40":0,"41":0,"42":0,"43":0,"44":0,"45":0},"fnMap":{"1":{"name":"(anonymous_1)","line":11,"loc":{"start":{"line":11,"column":16},"end":{"line":11,"column":31}}},"2":{"name":"(anonymous_2)","line":68,"loc":{"start":{"line":68,"column":39},"end":{"line":68,"column":50}}},"3":{"name":"(anonymous_3)","line":71,"loc":{"start":{"line":71,"column":25},"end":{"line":71,"column":36}}},"4":{"name":"(anonymous_4)","line":80,"loc":{"start":{"line":80,"column":26},"end":{"line":80,"column":42}}},"5":{"name":"(anonymous_5)","line":89,"loc":{"start":{"line":89,"column":26},"end":{"line":89,"column":42}}},"6":{"name":"(anonymous_6)","line":95,"loc":{"start":{"line":95,"column":28},"end":{"line":95,"column":44}}},"7":{"name":"(anonymous_7)","line":101,"loc":{"start":{"line":101,"column":45},"end":{"line":101,"column":56}}},"8":{"name":"(anonymous_8)","line":109,"loc":{"start":{"line":109,"column":43},"end":{"line":109,"column":54}}},"9":{"name":"(anonymous_9)","line":113,"loc":{"start":{"line":113,"column":39},"end":{"line":113,"column":50}}},"10":{"name":"(anonymous_10)","line":120,"loc":{"start":{"line":120,"column":28},"end":{"line":120,"column":43}}},"11":{"name":"(anonymous_11)","line":127,"loc":{"start":{"line":127,"column":31},"end":{"line":127,"column":46}}},"12":{"name":"(anonymous_12)","line":163,"loc":{"start":{"line":163,"column":25},"end":{"line":163,"column":43}}},"13":{"name":"(anonymous_13)","line":191,"loc":{"start":{"line":191,"column":28},"end":{"line":191,"column":49}}},"14":{"name":"(anonymous_14)","line":197,"loc":{"start":{"line":197,"column":38},"end":{"line":197,"column":57}}},"15":{"name":"(anonymous_15)","line":217,"loc":{"start":{"line":217,"column":38},"end":{"line":217,"column":57}}},"16":{"name":"(anonymous_16)","line":236,"loc":{"start":{"line":236,"column":28},"end":{"line":236,"column":49}}},"17":{"name":"(anonymous_17)","line":244,"loc":{"start":{"line":244,"column":29},"end":{"line":244,"column":45}}},"18":{"name":"(anonymous_18)","line":250,"loc":{"start":{"line":250,"column":38},"end":{"line":250,"column":57}}},"19":{"name":"(anonymous_19)","line":258,"loc":{"start":{"line":258,"column":22},"end":{"line":258,"column":35}}},"20":{"name":"(anonymous_20)","line":275,"loc":{"start":{"line":275,"column":33},"end":{"line":275,"column":44}}},"21":{"name":"(anonymous_21)","line":280,"loc":{"start":{"line":280,"column":35},"end":{"line":280,"column":54}}},"22":{"name":"(anonymous_22)","line":288,"loc":{"start":{"line":288,"column":38},"end":{"line":288,"column":57}}},"23":{"name":"(anonymous_23)","line":303,"loc":{"start":{"line":303,"column":30},"end":{"line":303,"column":50}}},"24":{"name":"(anonymous_24)","line":310,"loc":{"start":{"line":310,"column":34},"end":{"line":310,"column":45}}},"25":{"name":"(anonymous_25)","line":317,"loc":{"start":{"line":317,"column":31},"end":{"line":317,"column":47}}},"26":{"name":"(anonymous_26)","line":332,"loc":{"start":{"line":332,"column":45},"end":{"line":332,"column":56}}},"27":{"name":"(anonymous_27)","line":337,"loc":{"start":{"line":337,"column":14},"end":{"line":337,"column":28}}},"28":{"name":"(anonymous_28)","line":350,"loc":{"start":{"line":350,"column":44},"end":{"line":350,"column":55}}},"29":{"name":"(anonymous_29)","line":361,"loc":{"start":{"line":361,"column":27},"end":{"line":361,"column":52}}},"30":{"name":"(anonymous_30)","line":394,"loc":{"start":{"line":394,"column":34},"end":{"line":394,"column":49}}},"31":{"name":"(anonymous_31)","line":408,"loc":{"start":{"line":408,"column":47},"end":{"line":408,"column":61}}},"32":{"name":"(anonymous_32)","line":414,"loc":{"start":{"line":414,"column":28},"end":{"line":414,"column":39}}},"33":{"name":"(anonymous_33)","line":426,"loc":{"start":{"line":426,"column":27},"end":{"line":426,"column":77}}},"34":{"name":"(anonymous_34)","line":430,"loc":{"start":{"line":430,"column":24},"end":{"line":430,"column":36}}},"35":{"name":"(anonymous_35)","line":438,"loc":{"start":{"line":438,"column":31},"end":{"line":438,"column":43}}},"36":{"name":"(anonymous_36)","line":457,"loc":{"start":{"line":457,"column":41},"end":{"line":457,"column":103}}},"37":{"name":"(anonymous_37)","line":479,"loc":{"start":{"line":479,"column":32},"end":{"line":479,"column":65}}},"38":{"name":"(anonymous_38)","line":497,"loc":{"start":{"line":497,"column":34},"end":{"line":497,"column":47}}},"39":{"name":"(anonymous_39)","line":512,"loc":{"start":{"line":512,"column":30},"end":{"line":512,"column":70}}},"40":{"name":"(anonymous_40)","line":519,"loc":{"start":{"line":519,"column":9},"end":{"line":519,"column":20}}},"41":{"name":"(anonymous_41)","line":523,"loc":{"start":{"line":523,"column":48},"end":{"line":523,"column":59}}},"42":{"name":"(anonymous_42)","line":525,"loc":{"start":{"line":525,"column":32},"end":{"line":525,"column":42}}},"43":{"name":"(anonymous_43)","line":526,"loc":{"start":{"line":526,"column":32},"end":{"line":526,"column":42}}},"44":{"name":"(anonymous_44)","line":527,"loc":{"start":{"line":527,"column":32},"end":{"line":527,"column":42}}},"45":{"name":"(anonymous_45)","line":529,"loc":{"start":{"line":529,"column":18},"end":{"line":529,"column":29}}}},"statementMap":{"1":{"start":{"line":3,"column":0},"end":{"line":3,"column":27}},"2":{"start":{"line":4,"column":0},"end":{"line":4,"column":31}},"3":{"start":{"line":5,"column":0},"end":{"line":5,"column":42}},"4":{"start":{"line":6,"column":0},"end":{"line":6,"column":33}},"5":{"start":{"line":7,"column":0},"end":{"line":7,"column":33}},"6":{"start":{"line":8,"column":0},"end":{"line":8,"column":36}},"7":{"start":{"line":9,"column":0},"end":{"line":9,"column":42}},"8":{"start":{"line":11,"column":0},"end":{"line":54,"column":2}},"9":{"start":{"line":12,"column":2},"end":{"line":12,"column":18}},"10":{"start":{"line":14,"column":2},"end":{"line":14,"column":20}},"11":{"start":{"line":17,"column":2},"end":{"line":17,"column":66}},"12":{"start":{"line":17,"column":40},"end":{"line":17,"column":64}},"13":{"start":{"line":18,"column":2},"end":{"line":18,"column":83}},"14":{"start":{"line":18,"column":40},"end":{"line":18,"column":81}},"15":{"start":{"line":19,"column":2},"end":{"line":19,"column":94}},"16":{"start":{"line":19,"column":40},"end":{"line":19,"column":92}},"17":{"start":{"line":20,"column":2},"end":{"line":20,"column":95}},"18":{"start":{"line":20,"column":40},"end":{"line":20,"column":93}},"19":{"start":{"line":21,"column":2},"end":{"line":21,"column":77}},"20":{"start":{"line":21,"column":40},"end":{"line":21,"column":75}},"21":{"start":{"line":24,"column":2},"end":{"line":24,"column":39}},"22":{"start":{"line":25,"column":2},"end":{"line":25,"column":32}},"23":{"start":{"line":26,"column":2},"end":{"line":26,"column":24}},"24":{"start":{"line":27,"column":2},"end":{"line":27,"column":45}},"25":{"start":{"line":28,"column":2},"end":{"line":28,"column":36}},"26":{"start":{"line":29,"column":2},"end":{"line":29,"column":43}},"27":{"start":{"line":30,"column":2},"end":{"line":30,"column":77}},"28":{"start":{"line":31,"column":2},"end":{"line":31,"column":91}},"29":{"start":{"line":32,"column":2},"end":{"line":32,"column":95}},"30":{"start":{"line":33,"column":2},"end":{"line":33,"column":23}},"31":{"start":{"line":35,"column":2},"end":{"line":35,"column":67}},"32":{"start":{"line":36,"column":2},"end":{"line":36,"column":52}},"33":{"start":{"line":39,"column":2},"end":{"line":39,"column":21}},"34":{"start":{"line":42,"column":2},"end":{"line":44,"column":3}},"35":{"start":{"line":43,"column":4},"end":{"line":43,"column":26}},"36":{"start":{"line":47,"column":2},"end":{"line":47,"column":29}},"37":{"start":{"line":48,"column":2},"end":{"line":48,"column":31}},"38":{"start":{"line":49,"column":2},"end":{"line":49,"column":19}},"39":{"start":{"line":50,"column":2},"end":{"line":50,"column":23}},"40":{"start":{"line":51,"column":2},"end":{"line":51,"column":30}},"41":{"start":{"line":52,"column":2},"end":{"line":52,"column":28}},"42":{"start":{"line":53,"column":2},"end":{"line":53,"column":23}},"43":{"start":{"line":57,"column":0},"end":{"line":59,"column":2}},"44":{"start":{"line":65,"column":0},"end":{"line":65,"column":46}},"45":{"start":{"line":68,"column":0},"end":{"line":99,"column":2}},"46":{"start":{"line":69,"column":2},"end":{"line":69,"column":18}},"47":{"start":{"line":71,"column":2},"end":{"line":78,"column":5}},"48":{"start":{"line":73,"column":4},"end":{"line":77,"column":7}},"49":{"start":{"line":80,"column":2},"end":{"line":87,"column":5}},"50":{"start":{"line":82,"column":4},"end":{"line":84,"column":5}},"51":{"start":{"line":83,"column":6},"end":{"line":83,"column":41}},"52":{"start":{"line":86,"column":4},"end":{"line":86,"column":37}},"53":{"start":{"line":89,"column":2},"end":{"line":93,"column":5}},"54":{"start":{"line":90,"column":4},"end":{"line":90,"column":56}},"55":{"start":{"line":91,"column":4},"end":{"line":91,"column":34}},"56":{"start":{"line":92,"column":4},"end":{"line":92,"column":32}},"57":{"start":{"line":95,"column":2},"end":{"line":98,"column":5}},"58":{"start":{"line":96,"column":4},"end":{"line":96,"column":30}},"59":{"start":{"line":97,"column":4},"end":{"line":97,"column":37}},"60":{"start":{"line":101,"column":0},"end":{"line":107,"column":2}},"61":{"start":{"line":102,"column":2},"end":{"line":102,"column":18}},"62":{"start":{"line":103,"column":2},"end":{"line":106,"column":3}},"63":{"start":{"line":104,"column":4},"end":{"line":104,"column":40}},"64":{"start":{"line":105,"column":4},"end":{"line":105,"column":33}},"65":{"start":{"line":109,"column":0},"end":{"line":116,"column":2}},"66":{"start":{"line":110,"column":2},"end":{"line":110,"column":18}},"67":{"start":{"line":111,"column":2},"end":{"line":115,"column":3}},"68":{"start":{"line":112,"column":4},"end":{"line":112,"column":34}},"69":{"start":{"line":113,"column":4},"end":{"line":113,"column":96}},"70":{"start":{"line":113,"column":52},"end":{"line":113,"column":67}},"71":{"start":{"line":114,"column":4},"end":{"line":114,"column":32}},"72":{"start":{"line":120,"column":0},"end":{"line":124,"column":2}},"73":{"start":{"line":121,"column":2},"end":{"line":123,"column":4}},"74":{"start":{"line":127,"column":0},"end":{"line":272,"column":2}},"75":{"start":{"line":128,"column":2},"end":{"line":128,"column":18}},"76":{"start":{"line":130,"column":2},"end":{"line":130,"column":27}},"77":{"start":{"line":135,"column":2},"end":{"line":271,"column":3}},"78":{"start":{"line":136,"column":4},"end":{"line":136,"column":11}},"79":{"start":{"line":138,"column":9},"end":{"line":271,"column":3}},"80":{"start":{"line":139,"column":4},"end":{"line":145,"column":5}},"81":{"start":{"line":140,"column":6},"end":{"line":140,"column":37}},"82":{"start":{"line":141,"column":6},"end":{"line":141,"column":21}},"83":{"start":{"line":143,"column":6},"end":{"line":143,"column":33}},"84":{"start":{"line":144,"column":6},"end":{"line":144,"column":58}},"85":{"start":{"line":147,"column":9},"end":{"line":271,"column":3}},"86":{"start":{"line":148,"column":4},"end":{"line":148,"column":32}},"87":{"start":{"line":149,"column":4},"end":{"line":149,"column":27}},"88":{"start":{"line":152,"column":9},"end":{"line":271,"column":3}},"89":{"start":{"line":153,"column":4},"end":{"line":153,"column":38}},"90":{"start":{"line":155,"column":4},"end":{"line":158,"column":5}},"91":{"start":{"line":156,"column":6},"end":{"line":156,"column":34}},"92":{"start":{"line":157,"column":6},"end":{"line":157,"column":38}},"93":{"start":{"line":161,"column":9},"end":{"line":271,"column":3}},"94":{"start":{"line":163,"column":4},"end":{"line":169,"column":7}},"95":{"start":{"line":164,"column":6},"end":{"line":164,"column":46}},"96":{"start":{"line":165,"column":6},"end":{"line":168,"column":7}},"97":{"start":{"line":166,"column":8},"end":{"line":166,"column":13}},"98":{"start":{"line":167,"column":8},"end":{"line":167,"column":46}},"99":{"start":{"line":172,"column":9},"end":{"line":271,"column":3}},"100":{"start":{"line":173,"column":4},"end":{"line":173,"column":38}},"101":{"start":{"line":175,"column":4},"end":{"line":178,"column":5}},"102":{"start":{"line":176,"column":6},"end":{"line":176,"column":21}},"103":{"start":{"line":177,"column":6},"end":{"line":177,"column":38}},"104":{"start":{"line":181,"column":9},"end":{"line":271,"column":3}},"105":{"start":{"line":182,"column":4},"end":{"line":201,"column":5}},"106":{"start":{"line":183,"column":6},"end":{"line":183,"column":47}},"107":{"start":{"line":185,"column":6},"end":{"line":185,"column":72}},"108":{"start":{"line":185,"column":42},"end":{"line":185,"column":70}},"109":{"start":{"line":186,"column":6},"end":{"line":186,"column":76}},"110":{"start":{"line":186,"column":42},"end":{"line":186,"column":74}},"111":{"start":{"line":188,"column":6},"end":{"line":188,"column":42}},"112":{"start":{"line":190,"column":6},"end":{"line":194,"column":7}},"113":{"start":{"line":191,"column":8},"end":{"line":193,"column":11}},"114":{"start":{"line":192,"column":10},"end":{"line":192,"column":50}},"115":{"start":{"line":196,"column":6},"end":{"line":200,"column":7}},"116":{"start":{"line":197,"column":8},"end":{"line":199,"column":11}},"117":{"start":{"line":198,"column":10},"end":{"line":198,"column":29}},"118":{"start":{"line":204,"column":9},"end":{"line":271,"column":3}},"119":{"start":{"line":205,"column":4},"end":{"line":221,"column":5}},"120":{"start":{"line":206,"column":6},"end":{"line":206,"column":47}},"121":{"start":{"line":208,"column":6},"end":{"line":210,"column":7}},"122":{"start":{"line":209,"column":8},"end":{"line":209,"column":15}},"123":{"start":{"line":212,"column":6},"end":{"line":212,"column":48}},"124":{"start":{"line":214,"column":6},"end":{"line":214,"column":40}},"125":{"start":{"line":216,"column":6},"end":{"line":220,"column":7}},"126":{"start":{"line":217,"column":8},"end":{"line":219,"column":11}},"127":{"start":{"line":218,"column":10},"end":{"line":218,"column":41}},"128":{"start":{"line":224,"column":9},"end":{"line":271,"column":3}},"129":{"start":{"line":225,"column":4},"end":{"line":254,"column":5}},"130":{"start":{"line":226,"column":6},"end":{"line":226,"column":47}},"131":{"start":{"line":228,"column":6},"end":{"line":228,"column":51}},"132":{"start":{"line":228,"column":42},"end":{"line":228,"column":49}},"133":{"start":{"line":229,"column":6},"end":{"line":229,"column":51}},"134":{"start":{"line":229,"column":42},"end":{"line":229,"column":49}},"135":{"start":{"line":231,"column":6},"end":{"line":233,"column":25}},"136":{"start":{"line":235,"column":6},"end":{"line":241,"column":7}},"137":{"start":{"line":236,"column":8},"end":{"line":240,"column":11}},"138":{"start":{"line":237,"column":12},"end":{"line":237,"column":61}},"139":{"start":{"line":238,"column":12},"end":{"line":238,"column":35}},"140":{"start":{"line":239,"column":12},"end":{"line":239,"column":52}},"141":{"start":{"line":243,"column":6},"end":{"line":247,"column":7}},"142":{"start":{"line":244,"column":8},"end":{"line":246,"column":11}},"143":{"start":{"line":245,"column":12},"end":{"line":245,"column":53}},"144":{"start":{"line":249,"column":6},"end":{"line":253,"column":7}},"145":{"start":{"line":250,"column":8},"end":{"line":252,"column":11}},"146":{"start":{"line":251,"column":10},"end":{"line":251,"column":68}},"147":{"start":{"line":257,"column":9},"end":{"line":271,"column":3}},"148":{"start":{"line":258,"column":4},"end":{"line":264,"column":7}},"149":{"start":{"line":259,"column":6},"end":{"line":259,"column":35}},"150":{"start":{"line":260,"column":6},"end":{"line":263,"column":7}},"151":{"start":{"line":261,"column":8},"end":{"line":261,"column":13}},"152":{"start":{"line":262,"column":8},"end":{"line":262,"column":35}},"153":{"start":{"line":267,"column":9},"end":{"line":271,"column":3}},"154":{"start":{"line":268,"column":4},"end":{"line":270,"column":6}},"155":{"start":{"line":275,"column":0},"end":{"line":277,"column":2}},"156":{"start":{"line":276,"column":2},"end":{"line":276,"column":40}},"157":{"start":{"line":280,"column":0},"end":{"line":285,"column":2}},"158":{"start":{"line":281,"column":2},"end":{"line":283,"column":3}},"159":{"start":{"line":282,"column":4},"end":{"line":282,"column":40}},"160":{"start":{"line":284,"column":2},"end":{"line":284,"column":58}},"161":{"start":{"line":288,"column":0},"end":{"line":292,"column":2}},"162":{"start":{"line":289,"column":2},"end":{"line":289,"column":51}},"163":{"start":{"line":289,"column":42},"end":{"line":289,"column":49}},"164":{"start":{"line":291,"column":2},"end":{"line":291,"column":54}},"165":{"start":{"line":303,"column":0},"end":{"line":330,"column":2}},"166":{"start":{"line":304,"column":2},"end":{"line":304,"column":18}},"167":{"start":{"line":305,"column":2},"end":{"line":305,"column":28}},"168":{"start":{"line":306,"column":2},"end":{"line":306,"column":33}},"169":{"start":{"line":307,"column":2},"end":{"line":307,"column":26}},"170":{"start":{"line":309,"column":2},"end":{"line":322,"column":3}},"171":{"start":{"line":310,"column":4},"end":{"line":316,"column":7}},"172":{"start":{"line":311,"column":6},"end":{"line":311,"column":36}},"173":{"start":{"line":313,"column":6},"end":{"line":313,"column":49}},"174":{"start":{"line":314,"column":6},"end":{"line":314,"column":33}},"175":{"start":{"line":315,"column":6},"end":{"line":315,"column":35}},"176":{"start":{"line":317,"column":4},"end":{"line":321,"column":7}},"177":{"start":{"line":318,"column":6},"end":{"line":318,"column":33}},"178":{"start":{"line":319,"column":6},"end":{"line":319,"column":36}},"179":{"start":{"line":320,"column":6},"end":{"line":320,"column":45}},"180":{"start":{"line":324,"column":2},"end":{"line":329,"column":3}},"181":{"start":{"line":325,"column":4},"end":{"line":325,"column":33}},"182":{"start":{"line":327,"column":4},"end":{"line":327,"column":33}},"183":{"start":{"line":328,"column":4},"end":{"line":328,"column":39}},"184":{"start":{"line":332,"column":0},"end":{"line":348,"column":2}},"185":{"start":{"line":333,"column":2},"end":{"line":333,"column":18}},"186":{"start":{"line":334,"column":2},"end":{"line":334,"column":41}},"187":{"start":{"line":335,"column":2},"end":{"line":335,"column":28}},"188":{"start":{"line":337,"column":2},"end":{"line":347,"column":5}},"189":{"start":{"line":338,"column":4},"end":{"line":341,"column":5}},"190":{"start":{"line":339,"column":6},"end":{"line":339,"column":57}},"191":{"start":{"line":340,"column":6},"end":{"line":340,"column":33}},"192":{"start":{"line":343,"column":4},"end":{"line":346,"column":5}},"193":{"start":{"line":344,"column":6},"end":{"line":344,"column":35}},"194":{"start":{"line":345,"column":6},"end":{"line":345,"column":40}},"195":{"start":{"line":350,"column":0},"end":{"line":392,"column":2}},"196":{"start":{"line":351,"column":2},"end":{"line":351,"column":18}},"197":{"start":{"line":354,"column":2},"end":{"line":354,"column":51}},"198":{"start":{"line":355,"column":2},"end":{"line":355,"column":60}},"199":{"start":{"line":356,"column":2},"end":{"line":356,"column":59}},"200":{"start":{"line":357,"column":2},"end":{"line":357,"column":58}},"201":{"start":{"line":359,"column":2},"end":{"line":359,"column":65}},"202":{"start":{"line":361,"column":2},"end":{"line":391,"column":5}},"203":{"start":{"line":362,"column":4},"end":{"line":390,"column":5}},"204":{"start":{"line":363,"column":6},"end":{"line":363,"column":34}},"205":{"start":{"line":364,"column":11},"end":{"line":390,"column":5}},"206":{"start":{"line":365,"column":6},"end":{"line":365,"column":15}},"207":{"start":{"line":366,"column":6},"end":{"line":370,"column":7}},"208":{"start":{"line":367,"column":8},"end":{"line":367,"column":32}},"209":{"start":{"line":369,"column":8},"end":{"line":369,"column":25}},"210":{"start":{"line":371,"column":6},"end":{"line":385,"column":7}},"211":{"start":{"line":373,"column":8},"end":{"line":373,"column":37}},"212":{"start":{"line":374,"column":8},"end":{"line":374,"column":43}},"213":{"start":{"line":375,"column":13},"end":{"line":385,"column":7}},"214":{"start":{"line":377,"column":8},"end":{"line":377,"column":47}},"215":{"start":{"line":378,"column":8},"end":{"line":378,"column":41}},"216":{"start":{"line":379,"column":8},"end":{"line":379,"column":43}},"217":{"start":{"line":382,"column":8},"end":{"line":382,"column":48}},"218":{"start":{"line":383,"column":8},"end":{"line":383,"column":41}},"219":{"start":{"line":384,"column":8},"end":{"line":384,"column":43}},"220":{"start":{"line":388,"column":6},"end":{"line":388,"column":35}},"221":{"start":{"line":389,"column":6},"end":{"line":389,"column":41}},"222":{"start":{"line":394,"column":0},"end":{"line":406,"column":2}},"223":{"start":{"line":395,"column":2},"end":{"line":395,"column":18}},"224":{"start":{"line":396,"column":2},"end":{"line":396,"column":10}},"225":{"start":{"line":397,"column":2},"end":{"line":397,"column":42}},"226":{"start":{"line":398,"column":2},"end":{"line":398,"column":47}},"227":{"start":{"line":399,"column":2},"end":{"line":404,"column":3}},"228":{"start":{"line":400,"column":4},"end":{"line":400,"column":19}},"229":{"start":{"line":402,"column":4},"end":{"line":402,"column":49}},"230":{"start":{"line":403,"column":4},"end":{"line":403,"column":56}},"231":{"start":{"line":405,"column":2},"end":{"line":405,"column":13}},"232":{"start":{"line":408,"column":0},"end":{"line":412,"column":2}},"233":{"start":{"line":409,"column":2},"end":{"line":409,"column":18}},"234":{"start":{"line":410,"column":2},"end":{"line":410,"column":62}},"235":{"start":{"line":411,"column":2},"end":{"line":411,"column":26}},"236":{"start":{"line":414,"column":0},"end":{"line":420,"column":2}},"237":{"start":{"line":415,"column":2},"end":{"line":415,"column":18}},"238":{"start":{"line":416,"column":2},"end":{"line":416,"column":25}},"239":{"start":{"line":417,"column":2},"end":{"line":417,"column":22}},"240":{"start":{"line":418,"column":2},"end":{"line":418,"column":39}},"241":{"start":{"line":419,"column":2},"end":{"line":419,"column":36}},"242":{"start":{"line":426,"column":0},"end":{"line":454,"column":2}},"243":{"start":{"line":427,"column":2},"end":{"line":427,"column":18}},"244":{"start":{"line":428,"column":2},"end":{"line":428,"column":29}},"245":{"start":{"line":430,"column":2},"end":{"line":436,"column":4}},"246":{"start":{"line":431,"column":4},"end":{"line":431,"column":36}},"247":{"start":{"line":433,"column":4},"end":{"line":435,"column":5}},"248":{"start":{"line":434,"column":6},"end":{"line":434,"column":38}},"249":{"start":{"line":438,"column":2},"end":{"line":444,"column":4}},"250":{"start":{"line":439,"column":4},"end":{"line":439,"column":36}},"251":{"start":{"line":441,"column":4},"end":{"line":443,"column":5}},"252":{"start":{"line":442,"column":6},"end":{"line":442,"column":45}},"253":{"start":{"line":446,"column":2},"end":{"line":446,"column":34}},"254":{"start":{"line":448,"column":2},"end":{"line":453,"column":5}},"255":{"start":{"line":457,"column":0},"end":{"line":476,"column":2}},"256":{"start":{"line":458,"column":2},"end":{"line":458,"column":18}},"257":{"start":{"line":459,"column":2},"end":{"line":459,"column":29}},"258":{"start":{"line":461,"column":2},"end":{"line":463,"column":3}},"259":{"start":{"line":462,"column":4},"end":{"line":462,"column":35}},"260":{"start":{"line":465,"column":2},"end":{"line":467,"column":3}},"261":{"start":{"line":466,"column":4},"end":{"line":466,"column":49}},"262":{"start":{"line":469,"column":2},"end":{"line":475,"column":5}},"263":{"start":{"line":479,"column":0},"end":{"line":495,"column":2}},"264":{"start":{"line":480,"column":2},"end":{"line":480,"column":18}},"265":{"start":{"line":481,"column":2},"end":{"line":481,"column":29}},"266":{"start":{"line":483,"column":2},"end":{"line":485,"column":3}},"267":{"start":{"line":484,"column":4},"end":{"line":484,"column":35}},"268":{"start":{"line":487,"column":2},"end":{"line":492,"column":5}},"269":{"start":{"line":494,"column":2},"end":{"line":494,"column":12}},"270":{"start":{"line":497,"column":0},"end":{"line":504,"column":2}},"271":{"start":{"line":498,"column":2},"end":{"line":498,"column":18}},"272":{"start":{"line":500,"column":2},"end":{"line":503,"column":5}},"273":{"start":{"line":512,"column":0},"end":{"line":536,"column":2}},"274":{"start":{"line":513,"column":2},"end":{"line":513,"column":18}},"275":{"start":{"line":514,"column":2},"end":{"line":514,"column":20}},"276":{"start":{"line":515,"column":2},"end":{"line":515,"column":29}},"277":{"start":{"line":518,"column":2},"end":{"line":521,"column":5}},"278":{"start":{"line":519,"column":22},"end":{"line":519,"column":34}},"279":{"start":{"line":523,"column":2},"end":{"line":523,"column":76}},"280":{"start":{"line":523,"column":61},"end":{"line":523,"column":71}},"281":{"start":{"line":525,"column":2},"end":{"line":525,"column":45}},"282":{"start":{"line":526,"column":2},"end":{"line":526,"column":45}},"283":{"start":{"line":527,"column":2},"end":{"line":527,"column":45}},"284":{"start":{"line":529,"column":2},"end":{"line":531,"column":4}},"285":{"start":{"line":530,"column":4},"end":{"line":530,"column":35}},"286":{"start":{"line":533,"column":2},"end":{"line":533,"column":30}},"287":{"start":{"line":535,"column":2},"end":{"line":535,"column":18}},"288":{"start":{"line":538,"column":0},"end":{"line":538,"column":27}}},"branchMap":{"1":{"line":14,"type":"binary-expr","locations":[{"start":{"line":14,"column":9},"end":{"line":14,"column":13}},{"start":{"line":14,"column":17},"end":{"line":14,"column":19}}]},"2":{"line":17,"type":"if","locations":[{"start":{"line":17,"column":2},"end":{"line":17,"column":2}},{"start":{"line":17,"column":2},"end":{"line":17,"column":2}}]},"3":{"line":18,"type":"if","locations":[{"start":{"line":18,"column":2},"end":{"line":18,"column":2}},{"start":{"line":18,"column":2},"end":{"line":18,"column":2}}]},"4":{"line":19,"type":"if","locations":[{"start":{"line":19,"column":2},"end":{"line":19,"column":2}},{"start":{"line":19,"column":2},"end":{"line":19,"column":2}}]},"5":{"line":20,"type":"if","locations":[{"start":{"line":20,"column":2},"end":{"line":20,"column":2}},{"start":{"line":20,"column":2},"end":{"line":20,"column":2}}]},"6":{"line":21,"type":"if","locations":[{"start":{"line":21,"column":2},"end":{"line":21,"column":2}},{"start":{"line":21,"column":2},"end":{"line":21,"column":2}}]},"7":{"line":24,"type":"binary-expr","locations":[{"start":{"line":24,"column":14},"end":{"line":24,"column":23}},{"start":{"line":24,"column":27},"end":{"line":24,"column":38}}]},"8":{"line":25,"type":"binary-exp
[...]
function(n, iterator, context) {","  var accum = Array(Math.max(0, n));","  for (var i = 0; i < n; i++) accum[i] = iterator.call(context, i);","  return accum;","};","","// Return a random integer between min and max (inclusive).","_.random = function(min, max) {","  if (max == null) {","    max = min;","    min = 0;","  }","  return min + Math.floor(Math.random() * (max - min + 1));","};","","// List of HTML entities for escaping.","var entityMap = {","  escape: {","    '&': '&amp;',","    '<': '&lt;',","    '>': '&gt;',","    '\"': '&quot;',","    \"'\": '&#x27;'","  }","};","entityMap.unescape = _.invert(entityMap.escape);","","// Regexes containing the keys and values listed immediately above.","var entityRegexes = {","  escape:   new RegExp('[' + _.keys(entityMap.escape).join('') + ']', 'g'),","  unescape: new RegExp('(' + _.keys(entityMap.unescape).join('|') + ')', 'g')","};","","// Functions for escaping and unescaping strings to/from HTML interpolation.","_.each(['escape', 'unescape'], function(method) {","  _[method] = function(string) {","    if (string == null) return '';","    return ('' + string).replace(entityRegexes[method], function(match) {","      return entityMap[method][match];","    });","  };","});","","// If the value of the named `property` is a function then invoke it with the","// `object` as context; otherwise, return it.","_.result = function(object, property) {","  if (object == null) return void 0;","  var value = object[property];","  return _.isFunction(value) ? value.call(object) : value;","};","","// Add your own custom functions to the Underscore object.","_.mixin = function(obj) {","  each(_.functions(obj), function(name) {","    var func = _[name] = obj[name];","    _.prototype[name] = function() {","      var args = [this._wrapped];","      push.apply(args, arguments);","      return result.call(this, func.apply(_, args));","    };","  });","};","","// Generate a unique integer id (unique within the entire client session).","// Useful for temporary DOM ids.","var idCounter = 0;","_.uniqueId = function(prefix) {","  var id = ++idCounter + '';","  return prefix ? prefix + id : id;","};","","// By default, Underscore uses ERB-style template delimiters, change the","// following template settings to use alternative delimiters.","_.templateSettings = {","  evaluate    : /<%([\\s\\S]+?)%>/g,","  interpolate : /<%=([\\s\\S]+?)%>/g,","  escape      : /<%-([\\s\\S]+?)%>/g","};","","// When customizing `templateSettings`, if you don't want to define an","// interpolation, evaluation or escaping regex, we need one that is","// guaranteed not to match.","var noMatch = /(.)^/;","","// Certain characters need to be escaped so that they can be put into a","// string literal.","var escapes = {","  \"'\":      \"'\",","  '\\\\':     '\\\\',","  '\\r':     'r',","  '\\n':     'n',","  '\\t':     't',","  '\\u2028': 'u2028',","  '\\u2029': 'u2029'","};","","var escaper = /\\\\|'|\\r|\\n|\\t|\\u2028|\\u2029/g;","","// JavaScript micro-templating, similar to John Resig's implementation.","// Underscore templating handles arbitrary delimiters, preserves whitespace,","// and correctly escapes quotes within interpolated code.","_.template = function(text, data, settings) {","  var render;","  settings = _.defaults({}, settings, _.templateSettings);","","  // Combine delimiters into one regular expression via alternation.","  var matcher = new RegExp([","    (settings.escape || noMatch).source,","    (settings.interpolate || noMatch).source,","    (settings.evaluate || noMatch).source","  ].join('|') + '|$', 'g');","","  // Compile the template source, escaping string literals appropriately.","  var index = 0;","  var source = \"__p+='\";","  text.replace(matcher, function(match, escape, interpolate, evaluate, offset) {","    source += text.slice(index, offset)","      .replace(escaper, function(match) { return '\\\\' + escapes[match]; });","","    if (escape) {","      source += \"'+\\n((__t=(\" + escape + \"))==null?'':_.escape(__t))+\\n'\";","    }","    if (interpolate) {","      source += \"'+\\n((__t=(\" + interpolate + \"))==null?'':__t)+\\n'\";","    }","    if (evaluate) {","      source += \"';\\n\" + evaluate + \"\\n__p+='\";","    }","    index = offset + match.length;","    return match;","  });","  source += \"';\\n\";","","  // If a variable is not specified, place data values in local scope.","  if (!settings.variable) source = 'with(obj||{}){\\n' + source + '}\\n';","","  source = \"var __t,__p='',__j=Array.prototype.join,\" +","    \"print=function(){__p+=__j.call(arguments,'');};\\n\" +","    source + \"return __p;\\n\";","","  try {","    render = new Function(settings.variable || 'obj', '_', source);","  } catch (e) {","    e.source = source;","    throw e;","  }","","  if (data) return render(data, _);","  var template = function(data) {","    return render.call(this, data, _);","  };","","  // Provide the compiled function source as a convenience for precompilation.","  template.source = 'function(' + (settings.variable || 'obj') + '){\\n' + source + '}';","","  return template;","};","","// Add a \"chain\" function, which will delegate to the wrapper.","_.chain = function(obj) {","  return _(obj).chain();","};","","// OOP","// ---------------","// If Underscore is called as a function, it returns a wrapped object that","// can be used OO-style. This wrapper holds altered versions of all the","// underscore functions. Wrapped objects may be chained.","","// Helper function to continue chaining intermediate results.","var result = function(obj) {","  return this._chain ? _(obj).chain() : obj;","};","","// Add all of the Underscore functions to the wrapper object.","_.mixin(_);","","// Add all mutator Array functions to the wrapper.","each(['pop', 'push', 'reverse', 'shift', 'sort', 'splice', 'unshift'], function(name) {","  var method = ArrayProto[name];","  _.prototype[name] = function() {","    var obj = this._wrapped;","    method.apply(obj, arguments);","    if ((name == 'shift' || name == 'splice') && obj.length === 0) delete obj[0];","    return result.call(this, obj);","  };","});","","// Add all accessor Array functions to the wrapper.","each(['concat', 'join', 'slice'], function(name) {","  var method = ArrayProto[name];","  _.prototype[name] = function() {","    return result.call(this, method.apply(this._wrapped, arguments));","  };","});","","_.extend(_.prototype, {","","  // Start chaining a wrapped Underscore object.","  chain: function() {","    this._chain = true;","    return this;","  },","","  // Extracts the result from a wrapped and chained object.","  value: function() {","    return this._wrapped;","  }","","});","","",""],"l":{"11":1,"14":1,"17":1,"20":1,"23":1,"32":1,"47":1,"48":0,"49":0,"50":0,"57":1,"58":1,"59":1,"61":1,"63":0,"67":1,"76":1,"77":1,"81":1,"82":0,"83":0,"92":1,"93":0,"101":1,"102":6,"103":6,"104":6,"105":0,"106":0,"107":0,"110":0,"111":0,"112":0,"119":1,"120":0,"121":0,"122":0,"123":0,"124":0,"126":0,"129":1,"133":1,"134":0,"135":0,"136":0,"137":0,"138":0,"140":0,"141":0,"142":0,"143":0,"145":0,"148":0,"149":0,"154":1,"155":0,"156":0,"157":0,"158":0,"159":0,"161":0,"162":0,"163":0,"164":0,"166":0,"167":0,"168":0,"169":0,"170":0,"172":0,"175":0,"176":0,"180":1,"181":0,"182":0,"183":0,"184":0,"185":0,"188":0,"194":1,"195":0,"196":0,"197":0,"198":0,"199":0,"201":0,"205":1,"206":0,"207":0,"214":1,"215":0,"216":0,"217":0,"218":0,"219":0,"220":0,"222":0,"228":1,"229":0,"230":0,"231":0,"232":0,"233":0,"234":0,"236":0,"241":1,"242":0,"243":0,"244":0,"245":0,"250":1,"251":0,"252":0,"253":0,"254":0,"259":1,"260":0,"265":1,"266":0,"267":0,"268":0,"269":0,"271":0,"277":1,"278":0,"284":1,"285":0,"286":0,"288":0,"289":0,"290":0,"291":0,"292":0,"294":0,"298":1,"299":0,"300":0,"302":0,"303":0,"304":0,"305":0,"306":0,"308":0,"313":1,"314":0,"315":0,"316":0,"317":0,"318":0,"319":0,"320":0,"322":0,"328":1,"329":0,"330":0,"332":0,"336":1,"337":0,"341":1,"342":0,"343":0,"344":0,"350":0,"351":0,"352":0,"353":0,"354":0,"356":0,"361":1,"362":3,"363":0,"364":0,"365":0,"366":0,"367":0,"369":0,"375":1,"376":0,"381":1,"382":0,"388":1,"389":0,"394":1,"395":0,"396":0,"397":0,"398":0,"399":0,"400":0,"402":0,"406":1,"407":0,"408":0,"409":0,"410":0,"414":1,"415":0,"416":0,"425":1,"426":0,"427":0,"434":1,"435":0,"440":1,"441":0,"442":0,"443":0,"445":0,"453":1,"454":0,"458":1,"459":0,"463":1,"464":0,"465":0,"467":0,"468":0,"469":0,"471":0,"474":0,"478":1,"479":0,"483":1,"484":0,"490":1,"491":0,"492":0,"493":0,"494":0,"496":0,"497":0,"498":0,"499":0,"500":0,"501":0,"502":0,"505":0,"510":1,"511":0,"516":1,"517":0,"518":0,"519":0,"520":0,"527":1,"528":0,"529":0,"534":1,"535":0,"536":0,"537":0,"538":0,"540":0,"546":1,"547":0,"548":0,"549":0,"550":0,"551":0,"553":0,"556":0,"565":1,"566":0,"567":0,"568":0,"569":0,"570":0,"572":0,"573":0,"576":0,"577":0,"578":0,"582":1,"583":0,"584":0,"585":0,"586":0,"588":0,"589":0,"590":0,"596":1,"597":0,"598":0,"599":0,"601":0,"603":0,"604":0,"605":0,"607":0,"608":0,"609":0,"612":0,"619":1,"624":1,"625":0,"626":0,"627":0,"628":0,"629":0,"630":0,"631":0,"632":0,"633":0,"634":0,"635":0,"636":0,"642":1,"643":0,"644":0,"645":0,"651":1,"652":0,"653":0,"654":0,"655":0,"659":1,"660":0,"661":0,"662":0,"663":0,"664":0,"670":1,"671":0,"672":0,"677":1,"678":0,"686":1,"687":0,"688":0,"689":0,"690":0,"691":0,"692":0,"693":0,"694":0,"696":0,"697":0,"698":0,"699":0,"700":0,"701":0,"702":0,"703":0,"704":0,"705":0,"706":0,"707":0,"708":0,"710":0,"718":1,"719":0,"720":0,"721":0,"722":0,"723":0,"724":0,"725":0,"726":0,"727":0,"729":0,"730":0,"733":0,"734":0,"735":0,"737":0,"738":0,"744":1,"745":0,"746":0,"747":0,"748":0,"749":0,"750":0,"751":0,"758":1,"759":0,"760":0,"761":0,"762":0,"768":1,"769":0,"770":0,"771":0,"772":0,"773":0,"775":0,"780":1,"781":0,"782":0,"783":0,"793":1,"794":0,"795":0,"796":0,"797":0,"801":1,"802":0,"803":0,"804":0,"805":0,"806":0,"808":0,"812":1,"813":0,"814":0,"815":0,"816":0,"817":0,"819":0,"823":1,"824":1,"825":1,"826":1,"827":5,"829":1,"834":1,"835":1,"836":1,"837":111,"839":1,"843":1,"844":1,"845":1,"846":1,"847":2,"851":1,"855":1,"856":0,"857":0,"858":0,"859":0,"861":0,"865":1,"866":0,"867":0,"868":0,"869":0,"871":0,"875":1,"876":0,"877":0,"878":0,"879":0,"883":0,"887":1,"888":0,"889":0,"895":1,"896":0,"897":0,"901":1,"904":0,"906":0,"908":0,"909":0,"911":0,"912":0,"913":0,"918":0,"922":0,"928":0,"931":0,"936":0,"939":0,"940":0,"943":0,"947":0,"948":0,"950":0,"953":0,"954":0,"955":0,"957":0,"959":0,"960":0,"961":0,"963":0,"964":0,"969":0,"970":0,"972":0,"974":0,"978":0,"979":0,"980":0,"982":0,"986":0,"987":0,"988":0,"992":1,"993":0,"998":1,"999":0,"1000":0,"1001":0,"1002":0,"1006":1,"1007":0,"1012":1,"1013":0,"1017":1,"1018":0,"1022":1,"1023":6,"1024":1,"1030":1,"1031":0,"1032":0,"1037":1,"1038":1,"1039":111,"1044":1,"1045":0,"1049":1,"1050":0,"1054":1,"1055":0,"1059":1,"1060":0,"1064":1,"1065":0,"1070":1,"1071":0,"1079":1,"1080":0,"1081":0,"1085":1,"1086":0,"1090":1,"1091":0,"1092":0,"1093":0,"1097":1,"1098":0,"1099":0,"1100":0,"1102":0,"1106":1,"1115":1,"1118":1,"1124":1,"1125":2,"1126":0,"1127":0,"1128":0,"1135":1,"1136":0,"1137":0,"1138":0,"1142":1,"1143":1,"1144":109,"1145":109,"1146":0,"1147":0,"1148":0,"1155":1,"1156":1,"1157":0,"1158":0,"1163":1,"1172":1,"1176":1,"1186":1,"1191":1,"1192":0,"1193":0,"1196":0,"1203":0,"1204":0,"1205":0,"1206":0,"1207":0,"1209":0,"1210":0,"1212":0,"1213":0,"1215":0,"1216":0,"1218":0,"1219":0,"1221":0,"1224":0,"1226":0,"1230":0,"1231":0,"1233":0,"1234":0,"1237":0,"1238":0,"1239":0,"1243":0,"1245":0,"1249":1,"1250":0,"1260":1,"1261":0,"1265":1,"1268":1,"1269":7,"1270":7,"1271":0,"1272":0,"1273":0,"1274":0,"1279":1,"1280":3,"1281":3,"1282":0,"1286":1,"1290":0,"1291":0,"1296":0}},"/home/travis/build/npmtest/node-npmtest-ddp/node_modules/ddp-ejson/objectid.js":{"path":"/home/travis/build/npmtest/node-npmtest-ddp/node_modules/ddp-ejson/objectid.js","s":{"1":1,"2":1,"3":0,"4":0,"5":0,"6":0,"7":0,"8":0,"9":0,"10":0,"11":1,"12":0,"13":1,"14":0,"15":0,"16":0,"17":0,"18":0,"19":0,"20":0,"21":0,"22":0,"23":1,"24":0,"25":0,"26":1,"27":0,"28":0,"29":1,"30":0,"31":0,"32":1,"33":0,"34":1,"35":0,"36":0,"37":1,"38":0,"39":1},"b":{"1":[0,0],"2":[0,0],"3":[0,0],"4":[0,0],"5":[0,0],"6":[0,0]},"f":{"1":0,"2":0,"3":0,"4":0,"5":0,"6":0,"7":0,"8":0,"9":0},"fnMap":{"1":{"name":"(anonymous_1)","line":13,"loc":{"start":{"line":13,"column":18},"end":{"line":13,"column":36}}},"2":{"name":"(anonymous_2)","line":31,"loc":{"start":{"line":31,"column":20},"end":{"line":31,"column":35}}},"3":{"name":"(anonymous_3)","line":35,"loc":{"start":{"line":35,"column":11},"end":{"line":35,"column":32}}},"4":{"name":"(anonymous_4)","line":54,"loc":{"start":{"line":54,"column":30},"end":{"line":54,"column":42}}},"5":{"name":"(anonymous_5)","line":59,"loc":{"start":{"line":59,"column":28},"end":{"line":59,"column":45}}},"6":{"name":"(anonymous_6)","line":65,"loc":{"start":{"line":65,"column":27},"end":{"line":65,"column":39}}},"7":{"name":"(anonymous_7)","line":70,"loc":{"start":{"line":70,"column":30},"end":{"line":70,"column":41}}},"8":{"name":"(anonymous_8)","line":75,"loc":{"start":{"line":75,"column":34},"end":{"line":75,"column":45}}},"9":{"name":"(anonymous_9)","line":83,"loc":{"start":{"line":83,"column":4},"end":{"line":83,"column":16}}}},"statementMap":{"1":{"start":{"line":11,"column":0},"end":{"line":11,"column":31}},"2":{"start":{"line":13,"column":0},"end":{"line":29,"column":2}},"3":{"start":{"line":14,"column":2},"end":{"line":14,"column":18}},"4":{"start":{"line":15,"column":2},"end":{"line":15,"column":39}},"5":{"start":{"line":16,"column":2},"end":{"line":16,"column":12}},"6":{"start":{"line":19,"column":2},"end":{"line":24,"column":3}},"7":{"start":{"line":20,"column":4},"end":{"line":20,"column":45}},"8":{"start":{"line":23,"column":4},"end":{"line":23,"column":51}},"9":{"start":{"line":25,"column":2},"end":{"line":25,"column":37}},"10":{"start":{"line":28,"column":2},"end":{"line":28,"column":37}},"11":{"start":{"line":31,"column":0},"end":{"line":33,"column":2}},"12":{"start":{"line":32,"column":2},"end":{"line":32,"column":55}},"13":{"start":{"line":35,"column":0},"end":{"line":52,"column":2}},"14":{"start":{"line":37,"column":2},"end":{"line":38,"column":35}},"15":{"start":{"line":38,"column":4},"end":{"line":38,"column":35}},"16":{"start":{"line":41,"column":2},"end":{"line":41,"column":18}},"17":{"start":{"line":42,"column":2},"end":{"line":51,"column":3}},"18":{"start":{"line":43,"column":4},"end":{"line":43,"column":40}},"19":{"start":{"line":44,"column":4},"end":{"line":46,"column":5}},"20":{"start":{"line":45,"column":6},"end":{"line":45,"column":77}},"21":{"start":{"line":48,"column":4},"end":{"line":48,"column":26}},"22":{"start":{"line":50,"column":4},"end":{"line":50,"column":36}},"23":{"start":{"line":54,"column":0},"end":{"line":57,"column":2}},"24":{"start":{"line":55,"column":2},"end":{"line":55,"column":18}},"25":{"start":{"line":56,"column":2},"end":{"line":56,"column":43}},"26":{"start":{"line":59,"column":0},"end":{"line":63,"column":2}},"27":{"start":{"line":60,"column":2},"end":{"line":60,"column":18}},"28":{"start":{"line":61,"column":2},"end":{"line":62,"column":39}},"29":{"start":{"line":65,"column":0},"end":{"line":68,"column":2}},"30":{"start":{"line":66,"column":2},"end":{"line":66,"column":18}},"31":{"start":{"line":67,"column":2},"end":{"line":67,"column":33}},"32":{"start":{"line":70,"column":0},"end":{"line":72,"column":2}},"33":{"start":{"line":71,"column":2},"end":{"line":71,"column":15}},"34":{"start":{"line":75,"column":0},"end":{"line":78,"column":2}},"35":{"start":{"line":76,"column":2},"end":{"line":76,"column":18}},"36":{"start":{"line":77,"column":2},"end":{"line":77,"column":46}},"37":{"start":{"line":80,"column":0},"end":{"line":83,"column":38}},"38":{"start":{"line":83,"column":18},"end":{"line":83,"column":35}},"39":{"start":{"line":86,"column":0},"end":{"line":86,"column":25}}},"branchMap":{"1":{"line":32,"type":"binary-expr","locations":[{"start":{"line":32,"column":9},"end":{"line":32,"column":26}},{"start":{"line":32,"column":30},"end":{"line":32,"column":54}}]},"2":{"line":37,"type":"if","locations":[{"start":{"line":37,"column":2},"end":{"line":37,"column":2}},{"start":{"line":37,"column":2},"end":{"line":37,"column":2}}]},"3":{"line":42,"type":"if","locations":[{"start":{"line":42,"column":2},"end":{"line":42,"column":2}},{"start":{"line":42,"column":2},"end":{"line":42,"column":2}}]},"4":{"line":42,"type":"binary-expr","locations":[{"start":{"line":42,"column":6},"end":{"line":42,"column":15}},{"start":{"line":42,"column":20},"end":{"line":42,"column":49}}]},"5":{"line":44,"type":"if","locations":[{"start":{"line":44,"column":4},"end":{"line":44,"column":4}},{"start":{"line":44,"column":4},"end":{"line":44,"column":4}}]},"6":{"line":61,"type":"binary-expr","locations":[{"start":{"line":61,"column":9},"end":{"line":61,"column":34}},{"start":{"line":62,"column":4},"end":{"line":62,"column":38}}]}},"code":["// Copyright (C) 2014 Vaughn Iverson","//","// Adapted from:","// https://github.com/meteor/meteor/blob/5a5204e3a468b7b498baefb259c88a63b23699cf/packages/minimongo/objectid.js","// https://github.com/meteor/meteor/blob/cc667a487f0f32cf592df14aae80f45d0b3b6d84/packages/random/random.js","//","// Copyright (C) 2011-2014 Meteor Development Group","//","// All contributions licensed under the MIT license: see LICENSE file in this directory","","nodeCrypto = require('crypto');","","randomHexString = function (digits) {","  var self = this;","  var numBytes = Math.ceil(digits / 2);","  var bytes;","  // Try to get cryptographically strong randomness. Fall back to","  // non-cryptographically strong if not available.","  try {","    bytes = nodeCrypto.randomBytes(numBytes);","  } catch (e) {","    // XXX should re-throw any error except insufficient entropy","    bytes = nodeCrypto.pseudoRandomBytes(numBytes);","  }","  var result = bytes.toString(\"hex\");","  // If the number of digits is odd, we'll have generated an extra 4 bits","  // of randomness, so we need to trim the last digit.","  return result.substring(0, digits);","};","","looksLikeObjectID = function (str) {","  return str.length === 24 && str.match(/^[0-9a-f]*$/);","};","","ObjectID = function (hexString) {","  // Make new optional","  if (!(this instanceof ObjectID))","    return new ObjectID(hexString);","","  //random-based impl of Mongo ObjectID","  var self = this;","  if (hexString && (typeof hexString === 'string')) {","    hexString = hexString.toLowerCase();","    if (!looksLikeObjectID(hexString)) {","      throw new Error(\"Invalid hexadecimal string for creating an ObjectID\");","    }","    // meant to work with _.isEqual(), which relies on structural equality","    self._str = hexString;","  } else {","    self._str = randomHexString(24);","  }","};","","ObjectID.prototype.toString = function () {","  var self = this;","  return \"ObjectID(\\\"\" + self._str + \"\\\")\";","};","","ObjectID.prototype.equals = function (other) {","  var self = this;","  return other instanceof ObjectID &&","    self.valueOf() === other.valueOf();","};","","ObjectID.prototype.clone = function () {","  var self = this;","  return new ObjectID(self._str);","};","","ObjectID.prototype.typeName = function() {","  return \"oid\";","};","","// Only use this if mongodb made this ID, otherwise this will be nonsense","ObjectID.prototype.getTimestamp = function() {","  var self = this;","  return parseInt(self._str.substr(0, 8), 16);","};","","ObjectID.prototype.valueOf =","    ObjectID.prototype.toJSONValue =","    ObjectID.prototype.toHexString =","    function () { return this._str; };","","// Export ObjectID","module.exports = ObjectID",""],"l":{"11":1,"13":1,"14":0,"15":0,"16":0,"19":0,"20":0,"23":0,"25":0,"28":0,"31":1,"32":0,"35":1,"37":0,"38":0,"41":0,"42":0,"43":0,"44":0,"45":0,"48":0,"50":0,"54":1,"55":0,"56":0,"59":1,"60":0,"61":0,"65":1,"66":0,"67":0,"70":1,"71":0,"75":1,"76":0,"77":0,"80":1,"83":0,"86":1}}}